2021-03-04 21:41:01,261 INFO org.springframework.boot.StartupInfoLogger [main] Starting Demo0212Application on kevinzdeMacBook-Pro.local with PID 71826 (/Users/xiaoxiang/IdeaProjects/demo0212/target/classes started by xiaoxiang in /Users/xiaoxiang/IdeaProjects/demo0212)
2021-03-04 21:41:01,300 INFO org.springframework.boot.SpringApplication [main] No active profile set, falling back to default profiles: default
2021-03-04 21:41:02,239 INFO org.springframework.data.repository.config.RepositoryConfigurationDelegate [main] Multiple Spring Data modules found, entering strict repository configuration mode!
2021-03-04 21:41:02,241 INFO org.springframework.data.repository.config.RepositoryConfigurationDelegate [main] Bootstrapping Spring Data JDBC repositories in DEFAULT mode.
2021-03-04 21:41:02,304 INFO org.springframework.data.repository.config.RepositoryConfigurationExtensionSupport [main] Spring Data JDBC - Could not safely identify store assignment for repository candidate interface org.kevin.demo0212.repository.CustomerRepository. If you want this repository to be a JDBC repository, consider annotating your entities with one of these annotations: org.springframework.data.relational.core.mapping.Table.
2021-03-04 21:41:02,305 INFO org.springframework.data.repository.config.RepositoryConfigurationDelegate [main] Finished Spring Data repository scanning in 55ms. Found 0 JDBC repository interfaces.
2021-03-04 21:41:02,334 INFO org.springframework.data.repository.config.RepositoryConfigurationDelegate [main] Multiple Spring Data modules found, entering strict repository configuration mode!
2021-03-04 21:41:02,335 INFO org.springframework.data.repository.config.RepositoryConfigurationDelegate [main] Bootstrapping Spring Data MongoDB repositories in DEFAULT mode.
2021-03-04 21:41:02,549 INFO org.springframework.data.repository.config.RepositoryConfigurationDelegate [main] Finished Spring Data repository scanning in 213ms. Found 1 MongoDB repository interfaces.
2021-03-04 21:41:02,568 INFO org.springframework.data.repository.config.RepositoryConfigurationDelegate [main] Multiple Spring Data modules found, entering strict repository configuration mode!
2021-03-04 21:41:02,570 INFO org.springframework.data.repository.config.RepositoryConfigurationDelegate [main] Bootstrapping Spring Data Redis repositories in DEFAULT mode.
2021-03-04 21:41:02,593 INFO org.springframework.data.repository.config.RepositoryConfigurationExtensionSupport [main] Spring Data Redis - Could not safely identify store assignment for repository candidate interface org.kevin.demo0212.repository.CustomerRepository. If you want this repository to be a Redis repository, consider annotating your entities with one of these annotations: org.springframework.data.redis.core.RedisHash (preferred), or consider extending one of the following types with your repository: org.springframework.data.keyvalue.repository.KeyValueRepository.
2021-03-04 21:41:02,594 INFO org.springframework.data.repository.config.RepositoryConfigurationDelegate [main] Finished Spring Data repository scanning in 10ms. Found 0 Redis repository interfaces.
2021-03-04 21:41:03,285 INFO org.springframework.context.support.PostProcessorRegistrationDelegate$BeanPostProcessorChecker [main] Bean 'org.springframework.transaction.annotation.ProxyTransactionManagementConfiguration' of type [org.springframework.transaction.annotation.ProxyTransactionManagementConfiguration] is not eligible for getting processed by all BeanPostProcessors (for example: not eligible for auto-proxying)
2021-03-04 21:41:03,910 INFO org.springframework.boot.web.embedded.tomcat.TomcatWebServer [main] Tomcat initialized with port(s): 8080 (http)
2021-03-04 21:41:03,925 INFO org.apache.juli.logging.DirectJDKLog [main] Initializing ProtocolHandler ["http-nio-8080"]
2021-03-04 21:41:03,926 INFO org.apache.juli.logging.DirectJDKLog [main] Starting service [Tomcat]
2021-03-04 21:41:03,927 INFO org.apache.juli.logging.DirectJDKLog [main] Starting Servlet engine: [Apache Tomcat/9.0.30]
2021-03-04 21:41:04,031 INFO org.apache.juli.logging.DirectJDKLog [main] Initializing Spring embedded WebApplicationContext
2021-03-04 21:41:04,031 INFO org.springframework.boot.web.servlet.context.ServletWebServerApplicationContext [main] Root WebApplicationContext: initialization completed in 2657 ms
2021-03-04 21:41:05,493 INFO com.zaxxer.hikari.HikariDataSource [main] HikariPool-1 - Starting...
2021-03-04 21:41:06,761 ERROR com.zaxxer.hikari.pool.HikariPool [main] HikariPool-1 - Exception during pool initialization.
java.sql.SQLException: Access denied for user 'kevin1993'@'localhost' (using password: YES)
	at com.mysql.cj.jdbc.exceptions.SQLError.createSQLException(SQLError.java:129)
	at com.mysql.cj.jdbc.exceptions.SQLError.createSQLException(SQLError.java:97)
	at com.mysql.cj.jdbc.exceptions.SQLExceptionsMapping.translateException(SQLExceptionsMapping.java:122)
	at com.mysql.cj.jdbc.ConnectionImpl.createNewIO(ConnectionImpl.java:835)
	at com.mysql.cj.jdbc.ConnectionImpl.<init>(ConnectionImpl.java:455)
	at com.mysql.cj.jdbc.ConnectionImpl.getInstance(ConnectionImpl.java:240)
	at com.mysql.cj.jdbc.NonRegisteringDriver.connect(NonRegisteringDriver.java:207)
	at com.zaxxer.hikari.util.DriverDataSource.getConnection(DriverDataSource.java:138)
	at com.zaxxer.hikari.pool.PoolBase.newConnection(PoolBase.java:354)
	at com.zaxxer.hikari.pool.PoolBase.newPoolEntry(PoolBase.java:202)
	at com.zaxxer.hikari.pool.HikariPool.createPoolEntry(HikariPool.java:473)
	at com.zaxxer.hikari.pool.HikariPool.checkFailFast(HikariPool.java:554)
	at com.zaxxer.hikari.pool.HikariPool.<init>(HikariPool.java:115)
	at com.zaxxer.hikari.HikariDataSource.getConnection(HikariDataSource.java:112)
	at org.springframework.jdbc.datasource.DataSourceUtils.fetchConnection(DataSourceUtils.java:158)
	at org.springframework.jdbc.datasource.DataSourceUtils.doGetConnection(DataSourceUtils.java:116)
	at org.springframework.jdbc.datasource.DataSourceUtils.getConnection(DataSourceUtils.java:79)
	at org.mybatis.spring.transaction.SpringManagedTransaction.openConnection(SpringManagedTransaction.java:80)
	at org.mybatis.spring.transaction.SpringManagedTransaction.getConnection(SpringManagedTransaction.java:67)
	at org.apache.ibatis.executor.BaseExecutor.getConnection(BaseExecutor.java:336)
	at org.apache.ibatis.executor.SimpleExecutor.prepareStatement(SimpleExecutor.java:86)
	at org.apache.ibatis.executor.SimpleExecutor.doQuery(SimpleExecutor.java:62)
	at org.apache.ibatis.executor.BaseExecutor.queryFromDatabase(BaseExecutor.java:324)
	at org.apache.ibatis.executor.BaseExecutor.query(BaseExecutor.java:156)
	at org.apache.ibatis.executor.CachingExecutor.query(CachingExecutor.java:109)
	at org.apache.ibatis.executor.CachingExecutor.query(CachingExecutor.java:83)
	at org.apache.ibatis.session.defaults.DefaultSqlSession.selectList(DefaultSqlSession.java:147)
	at org.apache.ibatis.session.defaults.DefaultSqlSession.selectList(DefaultSqlSession.java:140)
	at sun.reflect.NativeMethodAccessorImpl.invoke0(Native Method)
	at sun.reflect.NativeMethodAccessorImpl.invoke(NativeMethodAccessorImpl.java:62)
	at sun.reflect.DelegatingMethodAccessorImpl.invoke(DelegatingMethodAccessorImpl.java:43)
	at java.lang.reflect.Method.invoke(Method.java:498)
	at org.mybatis.spring.SqlSessionTemplate$SqlSessionInterceptor.invoke(SqlSessionTemplate.java:426)
	at com.sun.proxy.$Proxy83.selectList(Unknown Source)
	at org.mybatis.spring.SqlSessionTemplate.selectList(SqlSessionTemplate.java:223)
	at org.apache.ibatis.binding.MapperMethod.executeForMany(MapperMethod.java:147)
	at org.apache.ibatis.binding.MapperMethod.execute(MapperMethod.java:80)
	at org.apache.ibatis.binding.MapperProxy.invoke(MapperProxy.java:93)
	at com.sun.proxy.$Proxy84.selectByExample(Unknown Source)
	at org.kevin.demo0212.service.impl.ArticleTypeServiceImpl.findList(ArticleTypeServiceImpl.java:24)
	at org.kevin.demo0212.config.InitializeProject.afterPropertiesSet(InitializeProject.java:41)
	at org.springframework.beans.factory.support.AbstractAutowireCapableBeanFactory.invokeInitMethods(AbstractAutowireCapableBeanFactory.java:1855)
	at org.springframework.beans.factory.support.AbstractAutowireCapableBeanFactory.initializeBean(AbstractAutowireCapableBeanFactory.java:1792)
	at org.springframework.beans.factory.support.AbstractAutowireCapableBeanFactory.doCreateBean(AbstractAutowireCapableBeanFactory.java:595)
	at org.springframework.beans.factory.support.AbstractAutowireCapableBeanFactory.createBean(AbstractAutowireCapableBeanFactory.java:517)
	at org.springframework.beans.factory.support.AbstractBeanFactory.lambda$doGetBean$0(AbstractBeanFactory.java:323)
	at org.springframework.beans.factory.support.DefaultSingletonBeanRegistry.getSingleton(DefaultSingletonBeanRegistry.java:222)
	at org.springframework.beans.factory.support.AbstractBeanFactory.doGetBean(AbstractBeanFactory.java:321)
	at org.springframework.beans.factory.support.AbstractBeanFactory.getBean(AbstractBeanFactory.java:202)
	at org.springframework.beans.factory.support.DefaultListableBeanFactory.preInstantiateSingletons(DefaultListableBeanFactory.java:879)
	at org.springframework.context.support.AbstractApplicationContext.finishBeanFactoryInitialization(AbstractApplicationContext.java:878)
	at org.springframework.context.support.AbstractApplicationContext.refresh(AbstractApplicationContext.java:550)
	at org.springframework.boot.web.servlet.context.ServletWebServerApplicationContext.refresh(ServletWebServerApplicationContext.java:141)
	at org.springframework.boot.SpringApplication.refresh(SpringApplication.java:747)
	at org.springframework.boot.SpringApplication.refreshContext(SpringApplication.java:397)
	at org.springframework.boot.SpringApplication.run(SpringApplication.java:315)
	at org.springframework.boot.SpringApplication.run(SpringApplication.java:1226)
	at org.springframework.boot.SpringApplication.run(SpringApplication.java:1215)
	at org.kevin.demo0212.Demo0212Application.main(Demo0212Application.java:13)
2021-03-04 21:41:06,765 WARN org.springframework.context.support.AbstractApplicationContext [main] Exception encountered during context initialization - cancelling refresh attempt: org.springframework.beans.factory.BeanCreationException: Error creating bean with name 'initializeProject' defined in file [/Users/xiaoxiang/IdeaProjects/demo0212/target/classes/org/kevin/demo0212/config/InitializeProject.class]: Invocation of init method failed; nested exception is org.mybatis.spring.MyBatisSystemException: nested exception is org.apache.ibatis.exceptions.PersistenceException: 
### Error querying database.  Cause: org.springframework.jdbc.CannotGetJdbcConnectionException: Failed to obtain JDBC Connection; nested exception is java.sql.SQLException: Access denied for user 'kevin1993'@'localhost' (using password: YES)
### The error may exist in file [/Users/xiaoxiang/IdeaProjects/demo0212/target/classes/mapper/ArticleTypeMapper.xml]
### The error may involve org.kevin.demo0212.mapper.ArticleTypeMapper.selectByExample
### The error occurred while executing a query
### Cause: org.springframework.jdbc.CannotGetJdbcConnectionException: Failed to obtain JDBC Connection; nested exception is java.sql.SQLException: Access denied for user 'kevin1993'@'localhost' (using password: YES)
2021-03-04 21:41:06,791 INFO org.apache.juli.logging.DirectJDKLog [main] Stopping service [Tomcat]
2021-03-04 21:41:06,801 INFO org.springframework.boot.autoconfigure.logging.ConditionEvaluationReportLoggingListener [main] 

Error starting ApplicationContext. To display the conditions report re-run your application with 'debug' enabled.
2021-03-04 21:41:06,802 ERROR org.springframework.boot.SpringApplication [main] Application run failed
org.springframework.beans.factory.BeanCreationException: Error creating bean with name 'initializeProject' defined in file [/Users/xiaoxiang/IdeaProjects/demo0212/target/classes/org/kevin/demo0212/config/InitializeProject.class]: Invocation of init method failed; nested exception is org.mybatis.spring.MyBatisSystemException: nested exception is org.apache.ibatis.exceptions.PersistenceException: 
### Error querying database.  Cause: org.springframework.jdbc.CannotGetJdbcConnectionException: Failed to obtain JDBC Connection; nested exception is java.sql.SQLException: Access denied for user 'kevin1993'@'localhost' (using password: YES)
### The error may exist in file [/Users/xiaoxiang/IdeaProjects/demo0212/target/classes/mapper/ArticleTypeMapper.xml]
### The error may involve org.kevin.demo0212.mapper.ArticleTypeMapper.selectByExample
### The error occurred while executing a query
### Cause: org.springframework.jdbc.CannotGetJdbcConnectionException: Failed to obtain JDBC Connection; nested exception is java.sql.SQLException: Access denied for user 'kevin1993'@'localhost' (using password: YES)
	at org.springframework.beans.factory.support.AbstractAutowireCapableBeanFactory.initializeBean(AbstractAutowireCapableBeanFactory.java:1796)
	at org.springframework.beans.factory.support.AbstractAutowireCapableBeanFactory.doCreateBean(AbstractAutowireCapableBeanFactory.java:595)
	at org.springframework.beans.factory.support.AbstractAutowireCapableBeanFactory.createBean(AbstractAutowireCapableBeanFactory.java:517)
	at org.springframework.beans.factory.support.AbstractBeanFactory.lambda$doGetBean$0(AbstractBeanFactory.java:323)
	at org.springframework.beans.factory.support.DefaultSingletonBeanRegistry.getSingleton(DefaultSingletonBeanRegistry.java:222)
	at org.springframework.beans.factory.support.AbstractBeanFactory.doGetBean(AbstractBeanFactory.java:321)
	at org.springframework.beans.factory.support.AbstractBeanFactory.getBean(AbstractBeanFactory.java:202)
	at org.springframework.beans.factory.support.DefaultListableBeanFactory.preInstantiateSingletons(DefaultListableBeanFactory.java:879)
	at org.springframework.context.support.AbstractApplicationContext.finishBeanFactoryInitialization(AbstractApplicationContext.java:878)
	at org.springframework.context.support.AbstractApplicationContext.refresh(AbstractApplicationContext.java:550)
	at org.springframework.boot.web.servlet.context.ServletWebServerApplicationContext.refresh(ServletWebServerApplicationContext.java:141)
	at org.springframework.boot.SpringApplication.refresh(SpringApplication.java:747)
	at org.springframework.boot.SpringApplication.refreshContext(SpringApplication.java:397)
	at org.springframework.boot.SpringApplication.run(SpringApplication.java:315)
	at org.springframework.boot.SpringApplication.run(SpringApplication.java:1226)
	at org.springframework.boot.SpringApplication.run(SpringApplication.java:1215)
	at org.kevin.demo0212.Demo0212Application.main(Demo0212Application.java:13)
Caused by: org.mybatis.spring.MyBatisSystemException: nested exception is org.apache.ibatis.exceptions.PersistenceException: 
### Error querying database.  Cause: org.springframework.jdbc.CannotGetJdbcConnectionException: Failed to obtain JDBC Connection; nested exception is java.sql.SQLException: Access denied for user 'kevin1993'@'localhost' (using password: YES)
### The error may exist in file [/Users/xiaoxiang/IdeaProjects/demo0212/target/classes/mapper/ArticleTypeMapper.xml]
### The error may involve org.kevin.demo0212.mapper.ArticleTypeMapper.selectByExample
### The error occurred while executing a query
### Cause: org.springframework.jdbc.CannotGetJdbcConnectionException: Failed to obtain JDBC Connection; nested exception is java.sql.SQLException: Access denied for user 'kevin1993'@'localhost' (using password: YES)
	at org.mybatis.spring.MyBatisExceptionTranslator.translateExceptionIfPossible(MyBatisExceptionTranslator.java:92)
	at org.mybatis.spring.SqlSessionTemplate$SqlSessionInterceptor.invoke(SqlSessionTemplate.java:440)
	at com.sun.proxy.$Proxy83.selectList(Unknown Source)
	at org.mybatis.spring.SqlSessionTemplate.selectList(SqlSessionTemplate.java:223)
	at org.apache.ibatis.binding.MapperMethod.executeForMany(MapperMethod.java:147)
	at org.apache.ibatis.binding.MapperMethod.execute(MapperMethod.java:80)
	at org.apache.ibatis.binding.MapperProxy.invoke(MapperProxy.java:93)
	at com.sun.proxy.$Proxy84.selectByExample(Unknown Source)
	at org.kevin.demo0212.service.impl.ArticleTypeServiceImpl.findList(ArticleTypeServiceImpl.java:24)
	at org.kevin.demo0212.config.InitializeProject.afterPropertiesSet(InitializeProject.java:41)
	at org.springframework.beans.factory.support.AbstractAutowireCapableBeanFactory.invokeInitMethods(AbstractAutowireCapableBeanFactory.java:1855)
	at org.springframework.beans.factory.support.AbstractAutowireCapableBeanFactory.initializeBean(AbstractAutowireCapableBeanFactory.java:1792)
	... 16 common frames omitted
Caused by: org.apache.ibatis.exceptions.PersistenceException: 
### Error querying database.  Cause: org.springframework.jdbc.CannotGetJdbcConnectionException: Failed to obtain JDBC Connection; nested exception is java.sql.SQLException: Access denied for user 'kevin1993'@'localhost' (using password: YES)
### The error may exist in file [/Users/xiaoxiang/IdeaProjects/demo0212/target/classes/mapper/ArticleTypeMapper.xml]
### The error may involve org.kevin.demo0212.mapper.ArticleTypeMapper.selectByExample
### The error occurred while executing a query
### Cause: org.springframework.jdbc.CannotGetJdbcConnectionException: Failed to obtain JDBC Connection; nested exception is java.sql.SQLException: Access denied for user 'kevin1993'@'localhost' (using password: YES)
	at org.apache.ibatis.exceptions.ExceptionFactory.wrapException(ExceptionFactory.java:30)
	at org.apache.ibatis.session.defaults.DefaultSqlSession.selectList(DefaultSqlSession.java:149)
	at org.apache.ibatis.session.defaults.DefaultSqlSession.selectList(DefaultSqlSession.java:140)
	at sun.reflect.NativeMethodAccessorImpl.invoke0(Native Method)
	at sun.reflect.NativeMethodAccessorImpl.invoke(NativeMethodAccessorImpl.java:62)
	at sun.reflect.DelegatingMethodAccessorImpl.invoke(DelegatingMethodAccessorImpl.java:43)
	at java.lang.reflect.Method.invoke(Method.java:498)
	at org.mybatis.spring.SqlSessionTemplate$SqlSessionInterceptor.invoke(SqlSessionTemplate.java:426)
	... 26 common frames omitted
Caused by: org.springframework.jdbc.CannotGetJdbcConnectionException: Failed to obtain JDBC Connection; nested exception is java.sql.SQLException: Access denied for user 'kevin1993'@'localhost' (using password: YES)
	at org.springframework.jdbc.datasource.DataSourceUtils.getConnection(DataSourceUtils.java:82)
	at org.mybatis.spring.transaction.SpringManagedTransaction.openConnection(SpringManagedTransaction.java:80)
	at org.mybatis.spring.transaction.SpringManagedTransaction.getConnection(SpringManagedTransaction.java:67)
	at org.apache.ibatis.executor.BaseExecutor.getConnection(BaseExecutor.java:336)
	at org.apache.ibatis.executor.SimpleExecutor.prepareStatement(SimpleExecutor.java:86)
	at org.apache.ibatis.executor.SimpleExecutor.doQuery(SimpleExecutor.java:62)
	at org.apache.ibatis.executor.BaseExecutor.queryFromDatabase(BaseExecutor.java:324)
	at org.apache.ibatis.executor.BaseExecutor.query(BaseExecutor.java:156)
	at org.apache.ibatis.executor.CachingExecutor.query(CachingExecutor.java:109)
	at org.apache.ibatis.executor.CachingExecutor.query(CachingExecutor.java:83)
	at org.apache.ibatis.session.defaults.DefaultSqlSession.selectList(DefaultSqlSession.java:147)
	... 32 common frames omitted
Caused by: java.sql.SQLException: Access denied for user 'kevin1993'@'localhost' (using password: YES)
	at com.mysql.cj.jdbc.exceptions.SQLError.createSQLException(SQLError.java:129)
	at com.mysql.cj.jdbc.exceptions.SQLError.createSQLException(SQLError.java:97)
	at com.mysql.cj.jdbc.exceptions.SQLExceptionsMapping.translateException(SQLExceptionsMapping.java:122)
	at com.mysql.cj.jdbc.ConnectionImpl.createNewIO(ConnectionImpl.java:835)
	at com.mysql.cj.jdbc.ConnectionImpl.<init>(ConnectionImpl.java:455)
	at com.mysql.cj.jdbc.ConnectionImpl.getInstance(ConnectionImpl.java:240)
	at com.mysql.cj.jdbc.NonRegisteringDriver.connect(NonRegisteringDriver.java:207)
	at com.zaxxer.hikari.util.DriverDataSource.getConnection(DriverDataSource.java:138)
	at com.zaxxer.hikari.pool.PoolBase.newConnection(PoolBase.java:354)
	at com.zaxxer.hikari.pool.PoolBase.newPoolEntry(PoolBase.java:202)
	at com.zaxxer.hikari.pool.HikariPool.createPoolEntry(HikariPool.java:473)
	at com.zaxxer.hikari.pool.HikariPool.checkFailFast(HikariPool.java:554)
	at com.zaxxer.hikari.pool.HikariPool.<init>(HikariPool.java:115)
	at com.zaxxer.hikari.HikariDataSource.getConnection(HikariDataSource.java:112)
	at org.springframework.jdbc.datasource.DataSourceUtils.fetchConnection(DataSourceUtils.java:158)
	at org.springframework.jdbc.datasource.DataSourceUtils.doGetConnection(DataSourceUtils.java:116)
	at org.springframework.jdbc.datasource.DataSourceUtils.getConnection(DataSourceUtils.java:79)
	... 42 common frames omitted
2021-03-04 21:43:32,313 INFO org.springframework.boot.StartupInfoLogger [main] Starting Demo0212Application on kevinzdeMacBook-Pro.local with PID 71879 (/Users/xiaoxiang/IdeaProjects/demo0212/target/classes started by xiaoxiang in /Users/xiaoxiang/IdeaProjects/demo0212)
2021-03-04 21:43:32,319 INFO org.springframework.boot.SpringApplication [main] No active profile set, falling back to default profiles: default
2021-03-04 21:43:33,312 INFO org.springframework.data.repository.config.RepositoryConfigurationDelegate [main] Multiple Spring Data modules found, entering strict repository configuration mode!
2021-03-04 21:43:33,314 INFO org.springframework.data.repository.config.RepositoryConfigurationDelegate [main] Bootstrapping Spring Data JDBC repositories in DEFAULT mode.
2021-03-04 21:43:33,389 INFO org.springframework.data.repository.config.RepositoryConfigurationExtensionSupport [main] Spring Data JDBC - Could not safely identify store assignment for repository candidate interface org.kevin.demo0212.repository.CustomerRepository. If you want this repository to be a JDBC repository, consider annotating your entities with one of these annotations: org.springframework.data.relational.core.mapping.Table.
2021-03-04 21:43:33,391 INFO org.springframework.data.repository.config.RepositoryConfigurationDelegate [main] Finished Spring Data repository scanning in 67ms. Found 0 JDBC repository interfaces.
2021-03-04 21:43:33,428 INFO org.springframework.data.repository.config.RepositoryConfigurationDelegate [main] Multiple Spring Data modules found, entering strict repository configuration mode!
2021-03-04 21:43:33,429 INFO org.springframework.data.repository.config.RepositoryConfigurationDelegate [main] Bootstrapping Spring Data MongoDB repositories in DEFAULT mode.
2021-03-04 21:43:33,618 INFO org.springframework.data.repository.config.RepositoryConfigurationDelegate [main] Finished Spring Data repository scanning in 187ms. Found 1 MongoDB repository interfaces.
2021-03-04 21:43:33,635 INFO org.springframework.data.repository.config.RepositoryConfigurationDelegate [main] Multiple Spring Data modules found, entering strict repository configuration mode!
2021-03-04 21:43:33,637 INFO org.springframework.data.repository.config.RepositoryConfigurationDelegate [main] Bootstrapping Spring Data Redis repositories in DEFAULT mode.
2021-03-04 21:43:33,658 INFO org.springframework.data.repository.config.RepositoryConfigurationExtensionSupport [main] Spring Data Redis - Could not safely identify store assignment for repository candidate interface org.kevin.demo0212.repository.CustomerRepository. If you want this repository to be a Redis repository, consider annotating your entities with one of these annotations: org.springframework.data.redis.core.RedisHash (preferred), or consider extending one of the following types with your repository: org.springframework.data.keyvalue.repository.KeyValueRepository.
2021-03-04 21:43:33,658 INFO org.springframework.data.repository.config.RepositoryConfigurationDelegate [main] Finished Spring Data repository scanning in 13ms. Found 0 Redis repository interfaces.
2021-03-04 21:43:34,286 INFO org.springframework.context.support.PostProcessorRegistrationDelegate$BeanPostProcessorChecker [main] Bean 'org.springframework.transaction.annotation.ProxyTransactionManagementConfiguration' of type [org.springframework.transaction.annotation.ProxyTransactionManagementConfiguration] is not eligible for getting processed by all BeanPostProcessors (for example: not eligible for auto-proxying)
2021-03-04 21:43:34,761 INFO org.springframework.boot.web.embedded.tomcat.TomcatWebServer [main] Tomcat initialized with port(s): 8080 (http)
2021-03-04 21:43:34,775 INFO org.apache.juli.logging.DirectJDKLog [main] Initializing ProtocolHandler ["http-nio-8080"]
2021-03-04 21:43:34,777 INFO org.apache.juli.logging.DirectJDKLog [main] Starting service [Tomcat]
2021-03-04 21:43:34,777 INFO org.apache.juli.logging.DirectJDKLog [main] Starting Servlet engine: [Apache Tomcat/9.0.30]
2021-03-04 21:43:34,887 INFO org.apache.juli.logging.DirectJDKLog [main] Initializing Spring embedded WebApplicationContext
2021-03-04 21:43:34,888 INFO org.springframework.boot.web.servlet.context.ServletWebServerApplicationContext [main] Root WebApplicationContext: initialization completed in 2497 ms
2021-03-04 21:43:35,972 INFO com.zaxxer.hikari.HikariDataSource [main] HikariPool-1 - Starting...
2021-03-04 21:43:37,812 INFO com.zaxxer.hikari.HikariDataSource [main] HikariPool-1 - Start completed.
2021-03-04 21:43:37,823 DEBUG org.apache.ibatis.logging.jdbc.BaseJdbcLogger [main] ==>  Preparing: select id, type, value, note, delete_flag, create_time from article_type 
2021-03-04 21:43:37,851 DEBUG org.apache.ibatis.logging.jdbc.BaseJdbcLogger [main] ==> Parameters: 
2021-03-04 21:43:37,953 DEBUG org.apache.ibatis.logging.jdbc.BaseJdbcLogger [main] <==      Total: 4
2021-03-04 21:43:37,987 DEBUG org.apache.ibatis.logging.jdbc.BaseJdbcLogger [main] ==>  Preparing: select id, type, content, url, create_time, update_time from alert_wall WHERE ( type = ? ) 
2021-03-04 21:43:37,988 DEBUG org.apache.ibatis.logging.jdbc.BaseJdbcLogger [main] ==> Parameters: 1(Integer)
2021-03-04 21:43:38,039 DEBUG org.apache.ibatis.logging.jdbc.BaseJdbcLogger [main] <==      Total: 1
2021-03-04 21:43:38,040 DEBUG org.apache.ibatis.logging.jdbc.BaseJdbcLogger [main] ==>  Preparing: select id, type, content, url, create_time, update_time from alert_wall WHERE ( type = ? ) 
2021-03-04 21:43:38,041 DEBUG org.apache.ibatis.logging.jdbc.BaseJdbcLogger [main] ==> Parameters: 2(Integer)
2021-03-04 21:43:38,108 DEBUG org.apache.ibatis.logging.jdbc.BaseJdbcLogger [main] <==      Total: 1
2021-03-04 21:43:38,109 DEBUG org.apache.ibatis.logging.jdbc.BaseJdbcLogger [main] ==>  Preparing: select id, type, content, url, create_time, update_time from alert_wall WHERE ( type = ? ) 
2021-03-04 21:43:38,110 DEBUG org.apache.ibatis.logging.jdbc.BaseJdbcLogger [main] ==> Parameters: 3(Integer)
2021-03-04 21:43:38,163 DEBUG org.apache.ibatis.logging.jdbc.BaseJdbcLogger [main] <==      Total: 1
2021-03-04 21:43:38,389 INFO io.lettuce.core.EpollProvider [main] Starting without optional epoll library
2021-03-04 21:43:38,391 INFO io.lettuce.core.KqueueProvider [main] Starting without optional kqueue library
2021-03-04 21:43:38,701 WARN org.springframework.context.support.AbstractApplicationContext [main] Exception encountered during context initialization - cancelling refresh attempt: org.springframework.beans.factory.BeanCreationException: Error creating bean with name 'initializeProject' defined in file [/Users/xiaoxiang/IdeaProjects/demo0212/target/classes/org/kevin/demo0212/config/InitializeProject.class]: Invocation of init method failed; nested exception is org.springframework.data.redis.RedisSystemException: Error in execution; nested exception is io.lettuce.core.RedisCommandExecutionException: MISCONF Redis is configured to save RDB snapshots, but it is currently not able to persist on disk. Commands that may modify the data set are disabled, because this instance is configured to report errors during writes if RDB snapshotting fails (stop-writes-on-bgsave-error option). Please check the Redis logs for details about the RDB error.
2021-03-04 21:43:38,967 INFO com.zaxxer.hikari.HikariDataSource [main] HikariPool-1 - Shutdown initiated...
2021-03-04 21:43:39,229 INFO com.zaxxer.hikari.HikariDataSource [main] HikariPool-1 - Shutdown completed.
2021-03-04 21:43:39,233 INFO org.apache.juli.logging.DirectJDKLog [main] Stopping service [Tomcat]
2021-03-04 21:43:39,243 INFO org.springframework.boot.autoconfigure.logging.ConditionEvaluationReportLoggingListener [main] 

Error starting ApplicationContext. To display the conditions report re-run your application with 'debug' enabled.
2021-03-04 21:43:39,247 ERROR org.springframework.boot.SpringApplication [main] Application run failed
org.springframework.beans.factory.BeanCreationException: Error creating bean with name 'initializeProject' defined in file [/Users/xiaoxiang/IdeaProjects/demo0212/target/classes/org/kevin/demo0212/config/InitializeProject.class]: Invocation of init method failed; nested exception is org.springframework.data.redis.RedisSystemException: Error in execution; nested exception is io.lettuce.core.RedisCommandExecutionException: MISCONF Redis is configured to save RDB snapshots, but it is currently not able to persist on disk. Commands that may modify the data set are disabled, because this instance is configured to report errors during writes if RDB snapshotting fails (stop-writes-on-bgsave-error option). Please check the Redis logs for details about the RDB error.
	at org.springframework.beans.factory.support.AbstractAutowireCapableBeanFactory.initializeBean(AbstractAutowireCapableBeanFactory.java:1796)
	at org.springframework.beans.factory.support.AbstractAutowireCapableBeanFactory.doCreateBean(AbstractAutowireCapableBeanFactory.java:595)
	at org.springframework.beans.factory.support.AbstractAutowireCapableBeanFactory.createBean(AbstractAutowireCapableBeanFactory.java:517)
	at org.springframework.beans.factory.support.AbstractBeanFactory.lambda$doGetBean$0(AbstractBeanFactory.java:323)
	at org.springframework.beans.factory.support.DefaultSingletonBeanRegistry.getSingleton(DefaultSingletonBeanRegistry.java:222)
	at org.springframework.beans.factory.support.AbstractBeanFactory.doGetBean(AbstractBeanFactory.java:321)
	at org.springframework.beans.factory.support.AbstractBeanFactory.getBean(AbstractBeanFactory.java:202)
	at org.springframework.beans.factory.support.DefaultListableBeanFactory.preInstantiateSingletons(DefaultListableBeanFactory.java:879)
	at org.springframework.context.support.AbstractApplicationContext.finishBeanFactoryInitialization(AbstractApplicationContext.java:878)
	at org.springframework.context.support.AbstractApplicationContext.refresh(AbstractApplicationContext.java:550)
	at org.springframework.boot.web.servlet.context.ServletWebServerApplicationContext.refresh(ServletWebServerApplicationContext.java:141)
	at org.springframework.boot.SpringApplication.refresh(SpringApplication.java:747)
	at org.springframework.boot.SpringApplication.refreshContext(SpringApplication.java:397)
	at org.springframework.boot.SpringApplication.run(SpringApplication.java:315)
	at org.springframework.boot.SpringApplication.run(SpringApplication.java:1226)
	at org.springframework.boot.SpringApplication.run(SpringApplication.java:1215)
	at org.kevin.demo0212.Demo0212Application.main(Demo0212Application.java:13)
Caused by: org.springframework.data.redis.RedisSystemException: Error in execution; nested exception is io.lettuce.core.RedisCommandExecutionException: MISCONF Redis is configured to save RDB snapshots, but it is currently not able to persist on disk. Commands that may modify the data set are disabled, because this instance is configured to report errors during writes if RDB snapshotting fails (stop-writes-on-bgsave-error option). Please check the Redis logs for details about the RDB error.
	at org.springframework.data.redis.connection.lettuce.LettuceExceptionConverter.convert(LettuceExceptionConverter.java:54)
	at org.springframework.data.redis.connection.lettuce.LettuceExceptionConverter.convert(LettuceExceptionConverter.java:52)
	at org.springframework.data.redis.connection.lettuce.LettuceExceptionConverter.convert(LettuceExceptionConverter.java:41)
	at org.springframework.data.redis.PassThroughExceptionTranslationStrategy.translate(PassThroughExceptionTranslationStrategy.java:44)
	at org.springframework.data.redis.FallbackExceptionTranslationStrategy.translate(FallbackExceptionTranslationStrategy.java:42)
	at org.springframework.data.redis.connection.lettuce.LettuceConnection.convertLettuceAccessException(LettuceConnection.java:270)
	at org.springframework.data.redis.connection.lettuce.LettuceStringCommands.convertLettuceAccessException(LettuceStringCommands.java:799)
	at org.springframework.data.redis.connection.lettuce.LettuceStringCommands.set(LettuceStringCommands.java:148)
	at org.springframework.data.redis.connection.DefaultedRedisConnection.set(DefaultedRedisConnection.java:281)
	at org.springframework.data.redis.core.DefaultValueOperations$3.inRedis(DefaultValueOperations.java:240)
	at org.springframework.data.redis.core.AbstractOperations$ValueDeserializingRedisCallback.doInRedis(AbstractOperations.java:60)
	at org.springframework.data.redis.core.RedisTemplate.execute(RedisTemplate.java:228)
	at org.springframework.data.redis.core.RedisTemplate.execute(RedisTemplate.java:188)
	at org.springframework.data.redis.core.AbstractOperations.execute(AbstractOperations.java:96)
	at org.springframework.data.redis.core.DefaultValueOperations.set(DefaultValueOperations.java:236)
	at org.kevin.demo0212.repository.MyRedisRepository.set(MyRedisRepository.java:20)
	at org.kevin.demo0212.repository.MyRedisRepository$$FastClassBySpringCGLIB$$1ca3df46.invoke(<generated>)
	at org.springframework.cglib.proxy.MethodProxy.invoke(MethodProxy.java:218)
	at org.springframework.aop.framework.CglibAopProxy$CglibMethodInvocation.invokeJoinpoint(CglibAopProxy.java:769)
	at org.springframework.aop.framework.ReflectiveMethodInvocation.proceed(ReflectiveMethodInvocation.java:163)
	at org.springframework.aop.framework.CglibAopProxy$CglibMethodInvocation.proceed(CglibAopProxy.java:747)
	at org.springframework.dao.support.PersistenceExceptionTranslationInterceptor.invoke(PersistenceExceptionTranslationInterceptor.java:139)
	at org.springframework.aop.framework.ReflectiveMethodInvocation.proceed(ReflectiveMethodInvocation.java:186)
	at org.springframework.aop.framework.CglibAopProxy$CglibMethodInvocation.proceed(CglibAopProxy.java:747)
	at org.springframework.aop.framework.CglibAopProxy$DynamicAdvisedInterceptor.intercept(CglibAopProxy.java:689)
	at org.kevin.demo0212.repository.MyRedisRepository$$EnhancerBySpringCGLIB$$db10b5b7.set(<generated>)
	at org.kevin.demo0212.config.InitializeProject.afterPropertiesSet(InitializeProject.java:52)
	at org.springframework.beans.factory.support.AbstractAutowireCapableBeanFactory.invokeInitMethods(AbstractAutowireCapableBeanFactory.java:1855)
	at org.springframework.beans.factory.support.AbstractAutowireCapableBeanFactory.initializeBean(AbstractAutowireCapableBeanFactory.java:1792)
	... 16 common frames omitted
Caused by: io.lettuce.core.RedisCommandExecutionException: MISCONF Redis is configured to save RDB snapshots, but it is currently not able to persist on disk. Commands that may modify the data set are disabled, because this instance is configured to report errors during writes if RDB snapshotting fails (stop-writes-on-bgsave-error option). Please check the Redis logs for details about the RDB error.
	at io.lettuce.core.ExceptionFactory.createExecutionException(ExceptionFactory.java:135)
	at io.lettuce.core.ExceptionFactory.createExecutionException(ExceptionFactory.java:108)
	at io.lettuce.core.protocol.AsyncCommand.completeResult(AsyncCommand.java:120)
	at io.lettuce.core.protocol.AsyncCommand.complete(AsyncCommand.java:111)
	at io.lettuce.core.protocol.CommandHandler.complete(CommandHandler.java:654)
	at io.lettuce.core.protocol.CommandHandler.decode(CommandHandler.java:614)
	at io.lettuce.core.protocol.CommandHandler.channelRead(CommandHandler.java:565)
	at io.netty.channel.AbstractChannelHandlerContext.invokeChannelRead(AbstractChannelHandlerContext.java:377)
	at io.netty.channel.AbstractChannelHandlerContext.invokeChannelRead(AbstractChannelHandlerContext.java:363)
	at io.netty.channel.AbstractChannelHandlerContext.fireChannelRead(AbstractChannelHandlerContext.java:355)
	at io.netty.channel.DefaultChannelPipeline$HeadContext.channelRead(DefaultChannelPipeline.java:1410)
	at io.netty.channel.AbstractChannelHandlerContext.invokeChannelRead(AbstractChannelHandlerContext.java:377)
	at io.netty.channel.AbstractChannelHandlerContext.invokeChannelRead(AbstractChannelHandlerContext.java:363)
	at io.netty.channel.DefaultChannelPipeline.fireChannelRead(DefaultChannelPipeline.java:919)
	at io.netty.channel.nio.AbstractNioByteChannel$NioByteUnsafe.read(AbstractNioByteChannel.java:163)
	at io.netty.channel.nio.NioEventLoop.processSelectedKey(NioEventLoop.java:714)
	at io.netty.channel.nio.NioEventLoop.processSelectedKeysOptimized(NioEventLoop.java:650)
	at io.netty.channel.nio.NioEventLoop.processSelectedKeys(NioEventLoop.java:576)
	at io.netty.channel.nio.NioEventLoop.run(NioEventLoop.java:493)
	at io.netty.util.concurrent.SingleThreadEventExecutor$4.run(SingleThreadEventExecutor.java:989)
	at io.netty.util.internal.ThreadExecutorMap$2.run(ThreadExecutorMap.java:74)
	at io.netty.util.concurrent.FastThreadLocalRunnable.run(FastThreadLocalRunnable.java:30)
	at java.lang.Thread.run(Thread.java:748)
2021-03-04 22:18:53,615 INFO org.springframework.boot.StartupInfoLogger [main] Starting Demo0212Application on kevinzdeMacBook-Pro.local with PID 73334 (/Users/xiaoxiang/IdeaProjects/demo0212/target/classes started by xiaoxiang in /Users/xiaoxiang/IdeaProjects/demo0212)
2021-03-04 22:18:53,622 INFO org.springframework.boot.SpringApplication [main] No active profile set, falling back to default profiles: default
2021-03-04 22:18:54,657 INFO org.springframework.data.repository.config.RepositoryConfigurationDelegate [main] Multiple Spring Data modules found, entering strict repository configuration mode!
2021-03-04 22:18:54,659 INFO org.springframework.data.repository.config.RepositoryConfigurationDelegate [main] Bootstrapping Spring Data JDBC repositories in DEFAULT mode.
2021-03-04 22:18:54,740 INFO org.springframework.data.repository.config.RepositoryConfigurationExtensionSupport [main] Spring Data JDBC - Could not safely identify store assignment for repository candidate interface org.kevin.demo0212.repository.CustomerRepository. If you want this repository to be a JDBC repository, consider annotating your entities with one of these annotations: org.springframework.data.relational.core.mapping.Table.
2021-03-04 22:18:54,741 INFO org.springframework.data.repository.config.RepositoryConfigurationDelegate [main] Finished Spring Data repository scanning in 72ms. Found 0 JDBC repository interfaces.
2021-03-04 22:18:54,773 INFO org.springframework.data.repository.config.RepositoryConfigurationDelegate [main] Multiple Spring Data modules found, entering strict repository configuration mode!
2021-03-04 22:18:54,774 INFO org.springframework.data.repository.config.RepositoryConfigurationDelegate [main] Bootstrapping Spring Data MongoDB repositories in DEFAULT mode.
2021-03-04 22:18:54,966 INFO org.springframework.data.repository.config.RepositoryConfigurationDelegate [main] Finished Spring Data repository scanning in 191ms. Found 1 MongoDB repository interfaces.
2021-03-04 22:18:54,987 INFO org.springframework.data.repository.config.RepositoryConfigurationDelegate [main] Multiple Spring Data modules found, entering strict repository configuration mode!
2021-03-04 22:18:54,989 INFO org.springframework.data.repository.config.RepositoryConfigurationDelegate [main] Bootstrapping Spring Data Redis repositories in DEFAULT mode.
2021-03-04 22:18:55,015 INFO org.springframework.data.repository.config.RepositoryConfigurationExtensionSupport [main] Spring Data Redis - Could not safely identify store assignment for repository candidate interface org.kevin.demo0212.repository.CustomerRepository. If you want this repository to be a Redis repository, consider annotating your entities with one of these annotations: org.springframework.data.redis.core.RedisHash (preferred), or consider extending one of the following types with your repository: org.springframework.data.keyvalue.repository.KeyValueRepository.
2021-03-04 22:18:55,015 INFO org.springframework.data.repository.config.RepositoryConfigurationDelegate [main] Finished Spring Data repository scanning in 14ms. Found 0 Redis repository interfaces.
2021-03-04 22:18:55,750 INFO org.springframework.context.support.PostProcessorRegistrationDelegate$BeanPostProcessorChecker [main] Bean 'org.springframework.transaction.annotation.ProxyTransactionManagementConfiguration' of type [org.springframework.transaction.annotation.ProxyTransactionManagementConfiguration] is not eligible for getting processed by all BeanPostProcessors (for example: not eligible for auto-proxying)
2021-03-04 22:18:56,267 INFO org.springframework.boot.web.embedded.tomcat.TomcatWebServer [main] Tomcat initialized with port(s): 8080 (http)
2021-03-04 22:18:56,281 INFO org.apache.juli.logging.DirectJDKLog [main] Initializing ProtocolHandler ["http-nio-8080"]
2021-03-04 22:18:56,282 INFO org.apache.juli.logging.DirectJDKLog [main] Starting service [Tomcat]
2021-03-04 22:18:56,283 INFO org.apache.juli.logging.DirectJDKLog [main] Starting Servlet engine: [Apache Tomcat/9.0.30]
2021-03-04 22:18:56,370 INFO org.apache.juli.logging.DirectJDKLog [main] Initializing Spring embedded WebApplicationContext
2021-03-04 22:18:56,371 INFO org.springframework.boot.web.servlet.context.ServletWebServerApplicationContext [main] Root WebApplicationContext: initialization completed in 2669 ms
2021-03-04 22:18:57,514 INFO com.zaxxer.hikari.HikariDataSource [main] HikariPool-1 - Starting...
2021-03-04 22:18:58,388 INFO com.zaxxer.hikari.HikariDataSource [main] HikariPool-1 - Start completed.
2021-03-04 22:18:58,397 DEBUG org.apache.ibatis.logging.jdbc.BaseJdbcLogger [main] ==>  Preparing: select id, type, value, note, delete_flag, create_time from article_type 
2021-03-04 22:18:58,430 DEBUG org.apache.ibatis.logging.jdbc.BaseJdbcLogger [main] ==> Parameters: 
2021-03-04 22:18:58,526 DEBUG org.apache.ibatis.logging.jdbc.BaseJdbcLogger [main] <==      Total: 4
2021-03-04 22:18:58,542 DEBUG org.apache.ibatis.logging.jdbc.BaseJdbcLogger [main] ==>  Preparing: select id, type, content, url, create_time, update_time from alert_wall WHERE ( type = ? ) 
2021-03-04 22:18:58,542 DEBUG org.apache.ibatis.logging.jdbc.BaseJdbcLogger [main] ==> Parameters: 1(Integer)
2021-03-04 22:18:58,606 DEBUG org.apache.ibatis.logging.jdbc.BaseJdbcLogger [main] <==      Total: 1
2021-03-04 22:18:58,608 DEBUG org.apache.ibatis.logging.jdbc.BaseJdbcLogger [main] ==>  Preparing: select id, type, content, url, create_time, update_time from alert_wall WHERE ( type = ? ) 
2021-03-04 22:18:58,608 DEBUG org.apache.ibatis.logging.jdbc.BaseJdbcLogger [main] ==> Parameters: 2(Integer)
2021-03-04 22:18:58,675 DEBUG org.apache.ibatis.logging.jdbc.BaseJdbcLogger [main] <==      Total: 1
2021-03-04 22:18:58,677 DEBUG org.apache.ibatis.logging.jdbc.BaseJdbcLogger [main] ==>  Preparing: select id, type, content, url, create_time, update_time from alert_wall WHERE ( type = ? ) 
2021-03-04 22:18:58,677 DEBUG org.apache.ibatis.logging.jdbc.BaseJdbcLogger [main] ==> Parameters: 3(Integer)
2021-03-04 22:18:58,749 DEBUG org.apache.ibatis.logging.jdbc.BaseJdbcLogger [main] <==      Total: 1
2021-03-04 22:18:58,938 INFO io.lettuce.core.EpollProvider [main] Starting without optional epoll library
2021-03-04 22:18:58,940 INFO io.lettuce.core.KqueueProvider [main] Starting without optional kqueue library
2021-03-04 22:18:59,320 WARN org.springframework.context.support.AbstractApplicationContext [main] Exception encountered during context initialization - cancelling refresh attempt: org.springframework.beans.factory.BeanCreationException: Error creating bean with name 'initializeProject' defined in file [/Users/xiaoxiang/IdeaProjects/demo0212/target/classes/org/kevin/demo0212/config/InitializeProject.class]: Invocation of init method failed; nested exception is org.springframework.data.redis.RedisSystemException: Error in execution; nested exception is io.lettuce.core.RedisCommandExecutionException: MISCONF Redis is configured to save RDB snapshots, but it is currently not able to persist on disk. Commands that may modify the data set are disabled, because this instance is configured to report errors during writes if RDB snapshotting fails (stop-writes-on-bgsave-error option). Please check the Redis logs for details about the RDB error.
2021-03-04 22:18:59,443 INFO com.zaxxer.hikari.HikariDataSource [main] HikariPool-1 - Shutdown initiated...
2021-03-04 22:18:59,497 INFO com.zaxxer.hikari.HikariDataSource [main] HikariPool-1 - Shutdown completed.
2021-03-04 22:18:59,500 INFO org.apache.juli.logging.DirectJDKLog [main] Stopping service [Tomcat]
2021-03-04 22:18:59,510 INFO org.springframework.boot.autoconfigure.logging.ConditionEvaluationReportLoggingListener [main] 

Error starting ApplicationContext. To display the conditions report re-run your application with 'debug' enabled.
2021-03-04 22:18:59,519 ERROR org.springframework.boot.SpringApplication [main] Application run failed
org.springframework.beans.factory.BeanCreationException: Error creating bean with name 'initializeProject' defined in file [/Users/xiaoxiang/IdeaProjects/demo0212/target/classes/org/kevin/demo0212/config/InitializeProject.class]: Invocation of init method failed; nested exception is org.springframework.data.redis.RedisSystemException: Error in execution; nested exception is io.lettuce.core.RedisCommandExecutionException: MISCONF Redis is configured to save RDB snapshots, but it is currently not able to persist on disk. Commands that may modify the data set are disabled, because this instance is configured to report errors during writes if RDB snapshotting fails (stop-writes-on-bgsave-error option). Please check the Redis logs for details about the RDB error.
	at org.springframework.beans.factory.support.AbstractAutowireCapableBeanFactory.initializeBean(AbstractAutowireCapableBeanFactory.java:1796)
	at org.springframework.beans.factory.support.AbstractAutowireCapableBeanFactory.doCreateBean(AbstractAutowireCapableBeanFactory.java:595)
	at org.springframework.beans.factory.support.AbstractAutowireCapableBeanFactory.createBean(AbstractAutowireCapableBeanFactory.java:517)
	at org.springframework.beans.factory.support.AbstractBeanFactory.lambda$doGetBean$0(AbstractBeanFactory.java:323)
	at org.springframework.beans.factory.support.DefaultSingletonBeanRegistry.getSingleton(DefaultSingletonBeanRegistry.java:222)
	at org.springframework.beans.factory.support.AbstractBeanFactory.doGetBean(AbstractBeanFactory.java:321)
	at org.springframework.beans.factory.support.AbstractBeanFactory.getBean(AbstractBeanFactory.java:202)
	at org.springframework.beans.factory.support.DefaultListableBeanFactory.preInstantiateSingletons(DefaultListableBeanFactory.java:879)
	at org.springframework.context.support.AbstractApplicationContext.finishBeanFactoryInitialization(AbstractApplicationContext.java:878)
	at org.springframework.context.support.AbstractApplicationContext.refresh(AbstractApplicationContext.java:550)
	at org.springframework.boot.web.servlet.context.ServletWebServerApplicationContext.refresh(ServletWebServerApplicationContext.java:141)
	at org.springframework.boot.SpringApplication.refresh(SpringApplication.java:747)
	at org.springframework.boot.SpringApplication.refreshContext(SpringApplication.java:397)
	at org.springframework.boot.SpringApplication.run(SpringApplication.java:315)
	at org.springframework.boot.SpringApplication.run(SpringApplication.java:1226)
	at org.springframework.boot.SpringApplication.run(SpringApplication.java:1215)
	at org.kevin.demo0212.Demo0212Application.main(Demo0212Application.java:13)
Caused by: org.springframework.data.redis.RedisSystemException: Error in execution; nested exception is io.lettuce.core.RedisCommandExecutionException: MISCONF Redis is configured to save RDB snapshots, but it is currently not able to persist on disk. Commands that may modify the data set are disabled, because this instance is configured to report errors during writes if RDB snapshotting fails (stop-writes-on-bgsave-error option). Please check the Redis logs for details about the RDB error.
	at org.springframework.data.redis.connection.lettuce.LettuceExceptionConverter.convert(LettuceExceptionConverter.java:54)
	at org.springframework.data.redis.connection.lettuce.LettuceExceptionConverter.convert(LettuceExceptionConverter.java:52)
	at org.springframework.data.redis.connection.lettuce.LettuceExceptionConverter.convert(LettuceExceptionConverter.java:41)
	at org.springframework.data.redis.PassThroughExceptionTranslationStrategy.translate(PassThroughExceptionTranslationStrategy.java:44)
	at org.springframework.data.redis.FallbackExceptionTranslationStrategy.translate(FallbackExceptionTranslationStrategy.java:42)
	at org.springframework.data.redis.connection.lettuce.LettuceConnection.convertLettuceAccessException(LettuceConnection.java:270)
	at org.springframework.data.redis.connection.lettuce.LettuceStringCommands.convertLettuceAccessException(LettuceStringCommands.java:799)
	at org.springframework.data.redis.connection.lettuce.LettuceStringCommands.set(LettuceStringCommands.java:148)
	at org.springframework.data.redis.connection.DefaultedRedisConnection.set(DefaultedRedisConnection.java:281)
	at org.springframework.data.redis.core.DefaultValueOperations$3.inRedis(DefaultValueOperations.java:240)
	at org.springframework.data.redis.core.AbstractOperations$ValueDeserializingRedisCallback.doInRedis(AbstractOperations.java:60)
	at org.springframework.data.redis.core.RedisTemplate.execute(RedisTemplate.java:228)
	at org.springframework.data.redis.core.RedisTemplate.execute(RedisTemplate.java:188)
	at org.springframework.data.redis.core.AbstractOperations.execute(AbstractOperations.java:96)
	at org.springframework.data.redis.core.DefaultValueOperations.set(DefaultValueOperations.java:236)
	at org.kevin.demo0212.repository.MyRedisRepository.set(MyRedisRepository.java:20)
	at org.kevin.demo0212.repository.MyRedisRepository$$FastClassBySpringCGLIB$$1ca3df46.invoke(<generated>)
	at org.springframework.cglib.proxy.MethodProxy.invoke(MethodProxy.java:218)
	at org.springframework.aop.framework.CglibAopProxy$CglibMethodInvocation.invokeJoinpoint(CglibAopProxy.java:769)
	at org.springframework.aop.framework.ReflectiveMethodInvocation.proceed(ReflectiveMethodInvocation.java:163)
	at org.springframework.aop.framework.CglibAopProxy$CglibMethodInvocation.proceed(CglibAopProxy.java:747)
	at org.springframework.dao.support.PersistenceExceptionTranslationInterceptor.invoke(PersistenceExceptionTranslationInterceptor.java:139)
	at org.springframework.aop.framework.ReflectiveMethodInvocation.proceed(ReflectiveMethodInvocation.java:186)
	at org.springframework.aop.framework.CglibAopProxy$CglibMethodInvocation.proceed(CglibAopProxy.java:747)
	at org.springframework.aop.framework.CglibAopProxy$DynamicAdvisedInterceptor.intercept(CglibAopProxy.java:689)
	at org.kevin.demo0212.repository.MyRedisRepository$$EnhancerBySpringCGLIB$$9690555a.set(<generated>)
	at org.kevin.demo0212.config.InitializeProject.afterPropertiesSet(InitializeProject.java:52)
	at org.springframework.beans.factory.support.AbstractAutowireCapableBeanFactory.invokeInitMethods(AbstractAutowireCapableBeanFactory.java:1855)
	at org.springframework.beans.factory.support.AbstractAutowireCapableBeanFactory.initializeBean(AbstractAutowireCapableBeanFactory.java:1792)
	... 16 common frames omitted
Caused by: io.lettuce.core.RedisCommandExecutionException: MISCONF Redis is configured to save RDB snapshots, but it is currently not able to persist on disk. Commands that may modify the data set are disabled, because this instance is configured to report errors during writes if RDB snapshotting fails (stop-writes-on-bgsave-error option). Please check the Redis logs for details about the RDB error.
	at io.lettuce.core.ExceptionFactory.createExecutionException(ExceptionFactory.java:135)
	at io.lettuce.core.ExceptionFactory.createExecutionException(ExceptionFactory.java:108)
	at io.lettuce.core.protocol.AsyncCommand.completeResult(AsyncCommand.java:120)
	at io.lettuce.core.protocol.AsyncCommand.complete(AsyncCommand.java:111)
	at io.lettuce.core.protocol.CommandHandler.complete(CommandHandler.java:654)
	at io.lettuce.core.protocol.CommandHandler.decode(CommandHandler.java:614)
	at io.lettuce.core.protocol.CommandHandler.channelRead(CommandHandler.java:565)
	at io.netty.channel.AbstractChannelHandlerContext.invokeChannelRead(AbstractChannelHandlerContext.java:377)
	at io.netty.channel.AbstractChannelHandlerContext.invokeChannelRead(AbstractChannelHandlerContext.java:363)
	at io.netty.channel.AbstractChannelHandlerContext.fireChannelRead(AbstractChannelHandlerContext.java:355)
	at io.netty.channel.DefaultChannelPipeline$HeadContext.channelRead(DefaultChannelPipeline.java:1410)
	at io.netty.channel.AbstractChannelHandlerContext.invokeChannelRead(AbstractChannelHandlerContext.java:377)
	at io.netty.channel.AbstractChannelHandlerContext.invokeChannelRead(AbstractChannelHandlerContext.java:363)
	at io.netty.channel.DefaultChannelPipeline.fireChannelRead(DefaultChannelPipeline.java:919)
	at io.netty.channel.nio.AbstractNioByteChannel$NioByteUnsafe.read(AbstractNioByteChannel.java:163)
	at io.netty.channel.nio.NioEventLoop.processSelectedKey(NioEventLoop.java:714)
	at io.netty.channel.nio.NioEventLoop.processSelectedKeysOptimized(NioEventLoop.java:650)
	at io.netty.channel.nio.NioEventLoop.processSelectedKeys(NioEventLoop.java:576)
	at io.netty.channel.nio.NioEventLoop.run(NioEventLoop.java:493)
	at io.netty.util.concurrent.SingleThreadEventExecutor$4.run(SingleThreadEventExecutor.java:989)
	at io.netty.util.internal.ThreadExecutorMap$2.run(ThreadExecutorMap.java:74)
	at io.netty.util.concurrent.FastThreadLocalRunnable.run(FastThreadLocalRunnable.java:30)
	at java.lang.Thread.run(Thread.java:748)
2021-03-04 22:34:16,362 INFO org.springframework.boot.StartupInfoLogger [main] Starting Demo0212Application on kevinzdeMacBook-Pro.local with PID 73793 (/Users/xiaoxiang/IdeaProjects/demo0212/target/classes started by xiaoxiang in /Users/xiaoxiang/IdeaProjects/demo0212)
2021-03-04 22:34:16,367 INFO org.springframework.boot.SpringApplication [main] No active profile set, falling back to default profiles: default
2021-03-04 22:34:17,234 INFO org.springframework.data.repository.config.RepositoryConfigurationDelegate [main] Multiple Spring Data modules found, entering strict repository configuration mode!
2021-03-04 22:34:17,236 INFO org.springframework.data.repository.config.RepositoryConfigurationDelegate [main] Bootstrapping Spring Data JDBC repositories in DEFAULT mode.
2021-03-04 22:34:17,300 INFO org.springframework.data.repository.config.RepositoryConfigurationExtensionSupport [main] Spring Data JDBC - Could not safely identify store assignment for repository candidate interface org.kevin.demo0212.repository.CustomerRepository. If you want this repository to be a JDBC repository, consider annotating your entities with one of these annotations: org.springframework.data.relational.core.mapping.Table.
2021-03-04 22:34:17,301 INFO org.springframework.data.repository.config.RepositoryConfigurationDelegate [main] Finished Spring Data repository scanning in 56ms. Found 0 JDBC repository interfaces.
2021-03-04 22:34:17,327 INFO org.springframework.data.repository.config.RepositoryConfigurationDelegate [main] Multiple Spring Data modules found, entering strict repository configuration mode!
2021-03-04 22:34:17,327 INFO org.springframework.data.repository.config.RepositoryConfigurationDelegate [main] Bootstrapping Spring Data MongoDB repositories in DEFAULT mode.
2021-03-04 22:34:17,480 INFO org.springframework.data.repository.config.RepositoryConfigurationDelegate [main] Finished Spring Data repository scanning in 152ms. Found 1 MongoDB repository interfaces.
2021-03-04 22:34:17,498 INFO org.springframework.data.repository.config.RepositoryConfigurationDelegate [main] Multiple Spring Data modules found, entering strict repository configuration mode!
2021-03-04 22:34:17,499 INFO org.springframework.data.repository.config.RepositoryConfigurationDelegate [main] Bootstrapping Spring Data Redis repositories in DEFAULT mode.
2021-03-04 22:34:17,522 INFO org.springframework.data.repository.config.RepositoryConfigurationExtensionSupport [main] Spring Data Redis - Could not safely identify store assignment for repository candidate interface org.kevin.demo0212.repository.CustomerRepository. If you want this repository to be a Redis repository, consider annotating your entities with one of these annotations: org.springframework.data.redis.core.RedisHash (preferred), or consider extending one of the following types with your repository: org.springframework.data.keyvalue.repository.KeyValueRepository.
2021-03-04 22:34:17,523 INFO org.springframework.data.repository.config.RepositoryConfigurationDelegate [main] Finished Spring Data repository scanning in 13ms. Found 0 Redis repository interfaces.
2021-03-04 22:34:18,077 INFO org.springframework.context.support.PostProcessorRegistrationDelegate$BeanPostProcessorChecker [main] Bean 'org.springframework.transaction.annotation.ProxyTransactionManagementConfiguration' of type [org.springframework.transaction.annotation.ProxyTransactionManagementConfiguration] is not eligible for getting processed by all BeanPostProcessors (for example: not eligible for auto-proxying)
2021-03-04 22:34:18,542 INFO org.springframework.boot.web.embedded.tomcat.TomcatWebServer [main] Tomcat initialized with port(s): 8080 (http)
2021-03-04 22:34:18,555 INFO org.apache.juli.logging.DirectJDKLog [main] Initializing ProtocolHandler ["http-nio-8080"]
2021-03-04 22:34:18,556 INFO org.apache.juli.logging.DirectJDKLog [main] Starting service [Tomcat]
2021-03-04 22:34:18,556 INFO org.apache.juli.logging.DirectJDKLog [main] Starting Servlet engine: [Apache Tomcat/9.0.30]
2021-03-04 22:34:18,640 INFO org.apache.juli.logging.DirectJDKLog [main] Initializing Spring embedded WebApplicationContext
2021-03-04 22:34:18,641 INFO org.springframework.boot.web.servlet.context.ServletWebServerApplicationContext [main] Root WebApplicationContext: initialization completed in 2212 ms
2021-03-04 22:34:19,690 INFO com.zaxxer.hikari.HikariDataSource [main] HikariPool-1 - Starting...
2021-03-04 22:34:20,374 INFO com.zaxxer.hikari.HikariDataSource [main] HikariPool-1 - Start completed.
2021-03-04 22:34:20,383 DEBUG org.apache.ibatis.logging.jdbc.BaseJdbcLogger [main] ==>  Preparing: select id, type, value, note, delete_flag, create_time from article_type 
2021-03-04 22:34:20,412 DEBUG org.apache.ibatis.logging.jdbc.BaseJdbcLogger [main] ==> Parameters: 
2021-03-04 22:34:20,527 DEBUG org.apache.ibatis.logging.jdbc.BaseJdbcLogger [main] <==      Total: 4
2021-03-04 22:34:20,545 DEBUG org.apache.ibatis.logging.jdbc.BaseJdbcLogger [main] ==>  Preparing: select id, type, content, url, create_time, update_time from alert_wall WHERE ( type = ? ) 
2021-03-04 22:34:20,546 DEBUG org.apache.ibatis.logging.jdbc.BaseJdbcLogger [main] ==> Parameters: 1(Integer)
2021-03-04 22:34:20,592 DEBUG org.apache.ibatis.logging.jdbc.BaseJdbcLogger [main] <==      Total: 1
2021-03-04 22:34:20,593 DEBUG org.apache.ibatis.logging.jdbc.BaseJdbcLogger [main] ==>  Preparing: select id, type, content, url, create_time, update_time from alert_wall WHERE ( type = ? ) 
2021-03-04 22:34:20,593 DEBUG org.apache.ibatis.logging.jdbc.BaseJdbcLogger [main] ==> Parameters: 2(Integer)
2021-03-04 22:34:20,647 DEBUG org.apache.ibatis.logging.jdbc.BaseJdbcLogger [main] <==      Total: 1
2021-03-04 22:34:20,648 DEBUG org.apache.ibatis.logging.jdbc.BaseJdbcLogger [main] ==>  Preparing: select id, type, content, url, create_time, update_time from alert_wall WHERE ( type = ? ) 
2021-03-04 22:34:20,649 DEBUG org.apache.ibatis.logging.jdbc.BaseJdbcLogger [main] ==> Parameters: 3(Integer)
2021-03-04 22:34:20,712 DEBUG org.apache.ibatis.logging.jdbc.BaseJdbcLogger [main] <==      Total: 1
2021-03-04 22:34:20,886 INFO io.lettuce.core.EpollProvider [main] Starting without optional epoll library
2021-03-04 22:34:20,888 INFO io.lettuce.core.KqueueProvider [main] Starting without optional kqueue library
2021-03-04 22:34:31,056 WARN org.springframework.context.support.AbstractApplicationContext [main] Exception encountered during context initialization - cancelling refresh attempt: org.springframework.beans.factory.BeanCreationException: Error creating bean with name 'initializeProject' defined in file [/Users/xiaoxiang/IdeaProjects/demo0212/target/classes/org/kevin/demo0212/config/InitializeProject.class]: Invocation of init method failed; nested exception is org.springframework.data.redis.connection.PoolException: Could not get a resource from the pool; nested exception is io.lettuce.core.RedisConnectionException: Unable to connect to 47.119.128.80:6379
2021-03-04 22:34:31,179 INFO com.zaxxer.hikari.HikariDataSource [main] HikariPool-1 - Shutdown initiated...
2021-03-04 22:34:31,184 INFO com.zaxxer.hikari.HikariDataSource [main] HikariPool-1 - Shutdown completed.
2021-03-04 22:34:31,186 INFO org.apache.juli.logging.DirectJDKLog [main] Stopping service [Tomcat]
2021-03-04 22:34:31,195 INFO org.springframework.boot.autoconfigure.logging.ConditionEvaluationReportLoggingListener [main] 

Error starting ApplicationContext. To display the conditions report re-run your application with 'debug' enabled.
2021-03-04 22:34:31,198 ERROR org.springframework.boot.SpringApplication [main] Application run failed
org.springframework.beans.factory.BeanCreationException: Error creating bean with name 'initializeProject' defined in file [/Users/xiaoxiang/IdeaProjects/demo0212/target/classes/org/kevin/demo0212/config/InitializeProject.class]: Invocation of init method failed; nested exception is org.springframework.data.redis.connection.PoolException: Could not get a resource from the pool; nested exception is io.lettuce.core.RedisConnectionException: Unable to connect to 47.119.128.80:6379
	at org.springframework.beans.factory.support.AbstractAutowireCapableBeanFactory.initializeBean(AbstractAutowireCapableBeanFactory.java:1796)
	at org.springframework.beans.factory.support.AbstractAutowireCapableBeanFactory.doCreateBean(AbstractAutowireCapableBeanFactory.java:595)
	at org.springframework.beans.factory.support.AbstractAutowireCapableBeanFactory.createBean(AbstractAutowireCapableBeanFactory.java:517)
	at org.springframework.beans.factory.support.AbstractBeanFactory.lambda$doGetBean$0(AbstractBeanFactory.java:323)
	at org.springframework.beans.factory.support.DefaultSingletonBeanRegistry.getSingleton(DefaultSingletonBeanRegistry.java:222)
	at org.springframework.beans.factory.support.AbstractBeanFactory.doGetBean(AbstractBeanFactory.java:321)
	at org.springframework.beans.factory.support.AbstractBeanFactory.getBean(AbstractBeanFactory.java:202)
	at org.springframework.beans.factory.support.DefaultListableBeanFactory.preInstantiateSingletons(DefaultListableBeanFactory.java:879)
	at org.springframework.context.support.AbstractApplicationContext.finishBeanFactoryInitialization(AbstractApplicationContext.java:878)
	at org.springframework.context.support.AbstractApplicationContext.refresh(AbstractApplicationContext.java:550)
	at org.springframework.boot.web.servlet.context.ServletWebServerApplicationContext.refresh(ServletWebServerApplicationContext.java:141)
	at org.springframework.boot.SpringApplication.refresh(SpringApplication.java:747)
	at org.springframework.boot.SpringApplication.refreshContext(SpringApplication.java:397)
	at org.springframework.boot.SpringApplication.run(SpringApplication.java:315)
	at org.springframework.boot.SpringApplication.run(SpringApplication.java:1226)
	at org.springframework.boot.SpringApplication.run(SpringApplication.java:1215)
	at org.kevin.demo0212.Demo0212Application.main(Demo0212Application.java:13)
Caused by: org.springframework.data.redis.connection.PoolException: Could not get a resource from the pool; nested exception is io.lettuce.core.RedisConnectionException: Unable to connect to 47.119.128.80:6379
	at org.springframework.data.redis.connection.lettuce.LettucePoolingConnectionProvider.getConnection(LettucePoolingConnectionProvider.java:109)
	at org.springframework.data.redis.connection.lettuce.LettuceConnectionFactory$SharedConnection.getNativeConnection(LettuceConnectionFactory.java:1197)
	at org.springframework.data.redis.connection.lettuce.LettuceConnectionFactory$SharedConnection.getConnection(LettuceConnectionFactory.java:1178)
	at org.springframework.data.redis.connection.lettuce.LettuceConnectionFactory.getSharedConnection(LettuceConnectionFactory.java:942)
	at org.springframework.data.redis.connection.lettuce.LettuceConnectionFactory.getConnection(LettuceConnectionFactory.java:353)
	at org.springframework.data.redis.core.RedisConnectionUtils.doGetConnection(RedisConnectionUtils.java:132)
	at org.springframework.data.redis.core.RedisConnectionUtils.getConnection(RedisConnectionUtils.java:95)
	at org.springframework.data.redis.core.RedisConnectionUtils.getConnection(RedisConnectionUtils.java:82)
	at org.springframework.data.redis.core.RedisTemplate.execute(RedisTemplate.java:215)
	at org.springframework.data.redis.core.RedisTemplate.execute(RedisTemplate.java:188)
	at org.springframework.data.redis.core.AbstractOperations.execute(AbstractOperations.java:96)
	at org.springframework.data.redis.core.DefaultValueOperations.set(DefaultValueOperations.java:236)
	at org.kevin.demo0212.repository.MyRedisRepository.set(MyRedisRepository.java:20)
	at org.kevin.demo0212.repository.MyRedisRepository$$FastClassBySpringCGLIB$$1ca3df46.invoke(<generated>)
	at org.springframework.cglib.proxy.MethodProxy.invoke(MethodProxy.java:218)
	at org.springframework.aop.framework.CglibAopProxy$CglibMethodInvocation.invokeJoinpoint(CglibAopProxy.java:769)
	at org.springframework.aop.framework.ReflectiveMethodInvocation.proceed(ReflectiveMethodInvocation.java:163)
	at org.springframework.aop.framework.CglibAopProxy$CglibMethodInvocation.proceed(CglibAopProxy.java:747)
	at org.springframework.dao.support.PersistenceExceptionTranslationInterceptor.invoke(PersistenceExceptionTranslationInterceptor.java:139)
	at org.springframework.aop.framework.ReflectiveMethodInvocation.proceed(ReflectiveMethodInvocation.java:186)
	at org.springframework.aop.framework.CglibAopProxy$CglibMethodInvocation.proceed(CglibAopProxy.java:747)
	at org.springframework.aop.framework.CglibAopProxy$DynamicAdvisedInterceptor.intercept(CglibAopProxy.java:689)
	at org.kevin.demo0212.repository.MyRedisRepository$$EnhancerBySpringCGLIB$$ce8527eb.set(<generated>)
	at org.kevin.demo0212.config.InitializeProject.afterPropertiesSet(InitializeProject.java:52)
	at org.springframework.beans.factory.support.AbstractAutowireCapableBeanFactory.invokeInitMethods(AbstractAutowireCapableBeanFactory.java:1855)
	at org.springframework.beans.factory.support.AbstractAutowireCapableBeanFactory.initializeBean(AbstractAutowireCapableBeanFactory.java:1792)
	... 16 common frames omitted
Caused by: io.lettuce.core.RedisConnectionException: Unable to connect to 47.119.128.80:6379
	at io.lettuce.core.RedisConnectionException.create(RedisConnectionException.java:78)
	at io.lettuce.core.RedisConnectionException.create(RedisConnectionException.java:56)
	at io.lettuce.core.AbstractRedisClient.getConnection(AbstractRedisClient.java:234)
	at io.lettuce.core.RedisClient.connect(RedisClient.java:207)
	at org.springframework.data.redis.connection.lettuce.StandaloneConnectionProvider.lambda$getConnection$1(StandaloneConnectionProvider.java:115)
	at java.util.Optional.orElseGet(Optional.java:267)
	at org.springframework.data.redis.connection.lettuce.StandaloneConnectionProvider.getConnection(StandaloneConnectionProvider.java:115)
	at org.springframework.data.redis.connection.lettuce.LettucePoolingConnectionProvider.lambda$null$0(LettucePoolingConnectionProvider.java:97)
	at io.lettuce.core.support.ConnectionPoolSupport$RedisPooledObjectFactory.create(ConnectionPoolSupport.java:209)
	at io.lettuce.core.support.ConnectionPoolSupport$RedisPooledObjectFactory.create(ConnectionPoolSupport.java:199)
	at org.apache.commons.pool2.BasePooledObjectFactory.makeObject(BasePooledObjectFactory.java:58)
	at org.apache.commons.pool2.impl.GenericObjectPool.create(GenericObjectPool.java:889)
	at org.apache.commons.pool2.impl.GenericObjectPool.borrowObject(GenericObjectPool.java:424)
	at org.apache.commons.pool2.impl.GenericObjectPool.borrowObject(GenericObjectPool.java:349)
	at io.lettuce.core.support.ConnectionPoolSupport$1.borrowObject(ConnectionPoolSupport.java:122)
	at io.lettuce.core.support.ConnectionPoolSupport$1.borrowObject(ConnectionPoolSupport.java:117)
	at org.springframework.data.redis.connection.lettuce.LettucePoolingConnectionProvider.getConnection(LettucePoolingConnectionProvider.java:103)
	... 41 common frames omitted
Caused by: io.netty.channel.ConnectTimeoutException: connection timed out: /47.119.128.80:6379
	at io.netty.channel.nio.AbstractNioChannel$AbstractNioUnsafe$1.run(AbstractNioChannel.java:261)
	at io.netty.util.concurrent.PromiseTask.runTask(PromiseTask.java:98)
	at io.netty.util.concurrent.ScheduledFutureTask.run(ScheduledFutureTask.java:170)
	at io.netty.util.concurrent.AbstractEventExecutor.safeExecute$$$capture(AbstractEventExecutor.java:164)
	at io.netty.util.concurrent.AbstractEventExecutor.safeExecute(AbstractEventExecutor.java)
	at io.netty.util.concurrent.SingleThreadEventExecutor.runAllTasks(SingleThreadEventExecutor.java:472)
	at io.netty.channel.nio.NioEventLoop.run(NioEventLoop.java:500)
	at io.netty.util.concurrent.SingleThreadEventExecutor$4.run(SingleThreadEventExecutor.java:989)
	at io.netty.util.internal.ThreadExecutorMap$2.run(ThreadExecutorMap.java:74)
	at io.netty.util.concurrent.FastThreadLocalRunnable.run(FastThreadLocalRunnable.java:30)
	at java.lang.Thread.run(Thread.java:748)
2021-03-04 22:38:05,815 INFO org.springframework.boot.StartupInfoLogger [main] Starting Demo0212Application on kevinzdeMacBook-Pro.local with PID 73844 (/Users/xiaoxiang/IdeaProjects/demo0212/target/classes started by xiaoxiang in /Users/xiaoxiang/IdeaProjects/demo0212)
2021-03-04 22:38:05,819 INFO org.springframework.boot.SpringApplication [main] No active profile set, falling back to default profiles: default
2021-03-04 22:38:06,562 INFO org.springframework.data.repository.config.RepositoryConfigurationDelegate [main] Multiple Spring Data modules found, entering strict repository configuration mode!
2021-03-04 22:38:06,564 INFO org.springframework.data.repository.config.RepositoryConfigurationDelegate [main] Bootstrapping Spring Data JDBC repositories in DEFAULT mode.
2021-03-04 22:38:06,629 INFO org.springframework.data.repository.config.RepositoryConfigurationExtensionSupport [main] Spring Data JDBC - Could not safely identify store assignment for repository candidate interface org.kevin.demo0212.repository.CustomerRepository. If you want this repository to be a JDBC repository, consider annotating your entities with one of these annotations: org.springframework.data.relational.core.mapping.Table.
2021-03-04 22:38:06,631 INFO org.springframework.data.repository.config.RepositoryConfigurationDelegate [main] Finished Spring Data repository scanning in 59ms. Found 0 JDBC repository interfaces.
2021-03-04 22:38:06,662 INFO org.springframework.data.repository.config.RepositoryConfigurationDelegate [main] Multiple Spring Data modules found, entering strict repository configuration mode!
2021-03-04 22:38:06,663 INFO org.springframework.data.repository.config.RepositoryConfigurationDelegate [main] Bootstrapping Spring Data MongoDB repositories in DEFAULT mode.
2021-03-04 22:38:06,814 INFO org.springframework.data.repository.config.RepositoryConfigurationDelegate [main] Finished Spring Data repository scanning in 151ms. Found 1 MongoDB repository interfaces.
2021-03-04 22:38:06,831 INFO org.springframework.data.repository.config.RepositoryConfigurationDelegate [main] Multiple Spring Data modules found, entering strict repository configuration mode!
2021-03-04 22:38:06,833 INFO org.springframework.data.repository.config.RepositoryConfigurationDelegate [main] Bootstrapping Spring Data Redis repositories in DEFAULT mode.
2021-03-04 22:38:06,856 INFO org.springframework.data.repository.config.RepositoryConfigurationExtensionSupport [main] Spring Data Redis - Could not safely identify store assignment for repository candidate interface org.kevin.demo0212.repository.CustomerRepository. If you want this repository to be a Redis repository, consider annotating your entities with one of these annotations: org.springframework.data.redis.core.RedisHash (preferred), or consider extending one of the following types with your repository: org.springframework.data.keyvalue.repository.KeyValueRepository.
2021-03-04 22:38:06,857 INFO org.springframework.data.repository.config.RepositoryConfigurationDelegate [main] Finished Spring Data repository scanning in 14ms. Found 0 Redis repository interfaces.
2021-03-04 22:38:07,467 INFO org.springframework.context.support.PostProcessorRegistrationDelegate$BeanPostProcessorChecker [main] Bean 'org.springframework.transaction.annotation.ProxyTransactionManagementConfiguration' of type [org.springframework.transaction.annotation.ProxyTransactionManagementConfiguration] is not eligible for getting processed by all BeanPostProcessors (for example: not eligible for auto-proxying)
2021-03-04 22:38:07,935 INFO org.springframework.boot.web.embedded.tomcat.TomcatWebServer [main] Tomcat initialized with port(s): 8080 (http)
2021-03-04 22:38:07,950 INFO org.apache.juli.logging.DirectJDKLog [main] Initializing ProtocolHandler ["http-nio-8080"]
2021-03-04 22:38:07,951 INFO org.apache.juli.logging.DirectJDKLog [main] Starting service [Tomcat]
2021-03-04 22:38:07,952 INFO org.apache.juli.logging.DirectJDKLog [main] Starting Servlet engine: [Apache Tomcat/9.0.30]
2021-03-04 22:38:08,038 INFO org.apache.juli.logging.DirectJDKLog [main] Initializing Spring embedded WebApplicationContext
2021-03-04 22:38:08,039 INFO org.springframework.boot.web.servlet.context.ServletWebServerApplicationContext [main] Root WebApplicationContext: initialization completed in 2162 ms
2021-03-04 22:38:09,368 INFO com.zaxxer.hikari.HikariDataSource [main] HikariPool-1 - Starting...
2021-03-04 22:38:09,967 INFO com.zaxxer.hikari.HikariDataSource [main] HikariPool-1 - Start completed.
2021-03-04 22:38:09,976 DEBUG org.apache.ibatis.logging.jdbc.BaseJdbcLogger [main] ==>  Preparing: select id, type, value, note, delete_flag, create_time from article_type 
2021-03-04 22:38:10,007 DEBUG org.apache.ibatis.logging.jdbc.BaseJdbcLogger [main] ==> Parameters: 
2021-03-04 22:38:10,076 DEBUG org.apache.ibatis.logging.jdbc.BaseJdbcLogger [main] <==      Total: 4
2021-03-04 22:38:10,096 DEBUG org.apache.ibatis.logging.jdbc.BaseJdbcLogger [main] ==>  Preparing: select id, type, content, url, create_time, update_time from alert_wall WHERE ( type = ? ) 
2021-03-04 22:38:10,097 DEBUG org.apache.ibatis.logging.jdbc.BaseJdbcLogger [main] ==> Parameters: 1(Integer)
2021-03-04 22:38:10,132 DEBUG org.apache.ibatis.logging.jdbc.BaseJdbcLogger [main] <==      Total: 1
2021-03-04 22:38:10,134 DEBUG org.apache.ibatis.logging.jdbc.BaseJdbcLogger [main] ==>  Preparing: select id, type, content, url, create_time, update_time from alert_wall WHERE ( type = ? ) 
2021-03-04 22:38:10,134 DEBUG org.apache.ibatis.logging.jdbc.BaseJdbcLogger [main] ==> Parameters: 2(Integer)
2021-03-04 22:38:10,176 DEBUG org.apache.ibatis.logging.jdbc.BaseJdbcLogger [main] <==      Total: 1
2021-03-04 22:38:10,177 DEBUG org.apache.ibatis.logging.jdbc.BaseJdbcLogger [main] ==>  Preparing: select id, type, content, url, create_time, update_time from alert_wall WHERE ( type = ? ) 
2021-03-04 22:38:10,178 DEBUG org.apache.ibatis.logging.jdbc.BaseJdbcLogger [main] ==> Parameters: 3(Integer)
2021-03-04 22:38:10,214 DEBUG org.apache.ibatis.logging.jdbc.BaseJdbcLogger [main] <==      Total: 1
2021-03-04 22:38:10,407 INFO io.lettuce.core.EpollProvider [main] Starting without optional epoll library
2021-03-04 22:38:10,410 INFO io.lettuce.core.KqueueProvider [main] Starting without optional kqueue library
2021-03-04 22:38:11,446 INFO com.mongodb.diagnostics.logging.SLF4JLogger [main] Cluster created with settings {hosts=[localhost:27017], mode=SINGLE, requiredClusterType=UNKNOWN, serverSelectionTimeout='30000 ms', maxWaitQueueSize=500}
2021-03-04 22:38:12,129 INFO org.springframework.security.web.DefaultSecurityFilterChain [main] Creating filter chain: any request, [org.springframework.security.web.context.request.async.WebAsyncManagerIntegrationFilter@58189b85, org.springframework.security.web.context.SecurityContextPersistenceFilter@4bc9451b, org.springframework.security.web.header.HeaderWriterFilter@2cc9a948, org.springframework.security.web.authentication.logout.LogoutFilter@25a52a60, org.springframework.security.web.authentication.UsernamePasswordAuthenticationFilter@1b3a95d9, org.springframework.security.web.savedrequest.RequestCacheAwareFilter@77978658, org.springframework.security.web.servletapi.SecurityContextHolderAwareRequestFilter@1cc81ea1, org.springframework.security.web.authentication.AnonymousAuthenticationFilter@49222187, org.springframework.security.web.session.SessionManagementFilter@647ce968, org.springframework.security.web.access.ExceptionTranslationFilter@542beecb, org.springframework.security.web.access.intercept.FilterSecurityInterceptor@14983265]
2021-03-04 22:38:12,303 INFO org.springframework.scheduling.concurrent.ExecutorConfigurationSupport [main] Initializing ExecutorService 'applicationTaskExecutor'
2021-03-04 22:38:12,422 INFO org.springframework.boot.autoconfigure.web.servlet.WelcomePageHandlerMapping [main] Adding welcome page template: index
2021-03-04 22:38:12,734 INFO org.apache.juli.logging.DirectJDKLog [main] Starting ProtocolHandler ["http-nio-8080"]
2021-03-04 22:38:12,763 INFO org.springframework.boot.web.embedded.tomcat.TomcatWebServer [main] Tomcat started on port(s): 8080 (http) with context path ''
2021-03-04 22:38:12,767 INFO org.springframework.boot.StartupInfoLogger [main] Started Demo0212Application in 7.39 seconds (JVM running for 8.162)
2021-03-04 22:38:12,869 INFO com.mongodb.diagnostics.logging.SLF4JLogger [cluster-ClusterId{value='6040f0d32d4ecd2a8b724519', description='null'}-localhost:27017] Opened connection [connectionId{localValue:1, serverValue:2}] to localhost:27017
2021-03-04 22:38:12,877 INFO com.mongodb.diagnostics.logging.SLF4JLogger [cluster-ClusterId{value='6040f0d32d4ecd2a8b724519', description='null'}-localhost:27017] Monitor thread successfully connected to server with description ServerDescription{address=localhost:27017, type=STANDALONE, state=CONNECTED, ok=true, version=ServerVersion{versionList=[4, 0, 3]}, minWireVersion=0, maxWireVersion=7, maxDocumentSize=16777216, logicalSessionTimeoutMinutes=30, roundTripTimeNanos=5118270}
2021-03-04 22:38:24,073 INFO org.springframework.scheduling.concurrent.ExecutorConfigurationSupport [SpringContextShutdownHook] Shutting down ExecutorService 'applicationTaskExecutor'
2021-03-04 22:38:24,235 INFO com.zaxxer.hikari.HikariDataSource [SpringContextShutdownHook] HikariPool-1 - Shutdown initiated...
2021-03-04 22:38:24,240 INFO com.zaxxer.hikari.HikariDataSource [SpringContextShutdownHook] HikariPool-1 - Shutdown completed.
