2020-08-16 13:13:34,060 INFO org.springframework.boot.StartupInfoLogger [main] Starting Demo0212Application on kevinzdeMacBook-Pro.local with PID 36312 (/Users/xiaoxiang/IdeaProjects/demo0212/target/classes started by xiaoxiang in /Users/xiaoxiang/IdeaProjects/demo0212)
2020-08-16 13:13:34,070 INFO org.springframework.boot.SpringApplication [main] No active profile set, falling back to default profiles: default
2020-08-16 13:13:35,154 INFO org.springframework.data.repository.config.RepositoryConfigurationDelegate [main] Multiple Spring Data modules found, entering strict repository configuration mode!
2020-08-16 13:13:35,155 INFO org.springframework.data.repository.config.RepositoryConfigurationDelegate [main] Bootstrapping Spring Data JDBC repositories in DEFAULT mode.
2020-08-16 13:13:35,245 INFO org.springframework.data.repository.config.RepositoryConfigurationExtensionSupport [main] Spring Data JDBC - Could not safely identify store assignment for repository candidate interface org.kevin.demo0212.repository.CustomerRepository. If you want this repository to be a JDBC repository, consider annotating your entities with one of these annotations: org.springframework.data.relational.core.mapping.Table.
2020-08-16 13:13:35,248 INFO org.springframework.data.repository.config.RepositoryConfigurationDelegate [main] Finished Spring Data repository scanning in 84ms. Found 0 JDBC repository interfaces.
2020-08-16 13:13:35,320 INFO org.springframework.data.repository.config.RepositoryConfigurationDelegate [main] Multiple Spring Data modules found, entering strict repository configuration mode!
2020-08-16 13:13:35,321 INFO org.springframework.data.repository.config.RepositoryConfigurationDelegate [main] Bootstrapping Spring Data MongoDB repositories in DEFAULT mode.
2020-08-16 13:13:35,404 INFO org.springframework.data.repository.config.RepositoryConfigurationDelegate [main] Finished Spring Data repository scanning in 82ms. Found 1 MongoDB repository interfaces.
2020-08-16 13:13:35,429 INFO org.springframework.data.repository.config.RepositoryConfigurationDelegate [main] Multiple Spring Data modules found, entering strict repository configuration mode!
2020-08-16 13:13:35,433 INFO org.springframework.data.repository.config.RepositoryConfigurationDelegate [main] Bootstrapping Spring Data Redis repositories in DEFAULT mode.
2020-08-16 13:13:35,457 INFO org.springframework.data.repository.config.RepositoryConfigurationExtensionSupport [main] Spring Data Redis - Could not safely identify store assignment for repository candidate interface org.kevin.demo0212.repository.CustomerRepository. If you want this repository to be a Redis repository, consider annotating your entities with one of these annotations: org.springframework.data.redis.core.RedisHash (preferred), or consider extending one of the following types with your repository: org.springframework.data.keyvalue.repository.KeyValueRepository.
2020-08-16 13:13:35,458 INFO org.springframework.data.repository.config.RepositoryConfigurationDelegate [main] Finished Spring Data repository scanning in 12ms. Found 0 Redis repository interfaces.
2020-08-16 13:13:35,907 INFO org.springframework.context.support.PostProcessorRegistrationDelegate$BeanPostProcessorChecker [main] Bean 'org.springframework.transaction.annotation.ProxyTransactionManagementConfiguration' of type [org.springframework.transaction.annotation.ProxyTransactionManagementConfiguration] is not eligible for getting processed by all BeanPostProcessors (for example: not eligible for auto-proxying)
2020-08-16 13:13:36,406 INFO org.springframework.boot.web.embedded.tomcat.TomcatWebServer [main] Tomcat initialized with port(s): 8080 (http)
2020-08-16 13:13:36,417 INFO org.apache.juli.logging.DirectJDKLog [main] Initializing ProtocolHandler ["http-nio-8080"]
2020-08-16 13:13:36,418 INFO org.apache.juli.logging.DirectJDKLog [main] Starting service [Tomcat]
2020-08-16 13:13:36,418 INFO org.apache.juli.logging.DirectJDKLog [main] Starting Servlet engine: [Apache Tomcat/9.0.30]
2020-08-16 13:13:36,496 INFO org.apache.juli.logging.DirectJDKLog [main] Initializing Spring embedded WebApplicationContext
2020-08-16 13:13:36,496 INFO org.springframework.boot.web.servlet.context.ServletWebServerApplicationContext [main] Root WebApplicationContext: initialization completed in 2360 ms
2020-08-16 13:13:37,508 INFO com.zaxxer.hikari.HikariDataSource [main] HikariPool-1 - Starting...
2020-08-16 13:13:49,549 INFO com.zaxxer.hikari.HikariDataSource [main] HikariPool-1 - Start completed.
2020-08-16 13:13:49,559 DEBUG org.apache.ibatis.logging.jdbc.BaseJdbcLogger [main] ==>  Preparing: select id, type, value, note, delete_flag, create_time from article_type 
2020-08-16 13:13:49,583 DEBUG org.apache.ibatis.logging.jdbc.BaseJdbcLogger [main] ==> Parameters: 
2020-08-16 13:13:50,623 DEBUG org.apache.ibatis.logging.jdbc.BaseJdbcLogger [main] <==      Total: 4
2020-08-16 13:13:50,640 DEBUG org.apache.ibatis.logging.jdbc.BaseJdbcLogger [main] ==>  Preparing: select id, type, content, url, create_time, update_time from alert_wall WHERE ( type = ? ) 
2020-08-16 13:13:50,641 DEBUG org.apache.ibatis.logging.jdbc.BaseJdbcLogger [main] ==> Parameters: 1(Integer)
2020-08-16 13:13:52,869 DEBUG org.apache.ibatis.logging.jdbc.BaseJdbcLogger [main] <==      Total: 1
2020-08-16 13:13:52,871 DEBUG org.apache.ibatis.logging.jdbc.BaseJdbcLogger [main] ==>  Preparing: select id, type, content, url, create_time, update_time from alert_wall WHERE ( type = ? ) 
2020-08-16 13:13:52,871 DEBUG org.apache.ibatis.logging.jdbc.BaseJdbcLogger [main] ==> Parameters: 2(Integer)
2020-08-16 13:13:53,736 DEBUG org.apache.ibatis.logging.jdbc.BaseJdbcLogger [main] <==      Total: 1
2020-08-16 13:13:53,738 DEBUG org.apache.ibatis.logging.jdbc.BaseJdbcLogger [main] ==>  Preparing: select id, type, content, url, create_time, update_time from alert_wall WHERE ( type = ? ) 
2020-08-16 13:13:53,738 DEBUG org.apache.ibatis.logging.jdbc.BaseJdbcLogger [main] ==> Parameters: 3(Integer)
2020-08-16 13:13:53,957 DEBUG org.apache.ibatis.logging.jdbc.BaseJdbcLogger [main] <==      Total: 1
2020-08-16 13:13:54,095 INFO io.lettuce.core.EpollProvider [main] Starting without optional epoll library
2020-08-16 13:13:54,096 INFO io.lettuce.core.KqueueProvider [main] Starting without optional kqueue library
2020-08-16 13:13:54,731 INFO com.mongodb.diagnostics.logging.SLF4JLogger [main] Cluster created with settings {hosts=[localhost:27017], mode=SINGLE, requiredClusterType=UNKNOWN, serverSelectionTimeout='30000 ms', maxWaitQueueSize=500}
2020-08-16 13:13:54,964 INFO com.mongodb.diagnostics.logging.SLF4JLogger [cluster-ClusterId{value='5f38c09294ad4f59bd39e6ab', description='null'}-localhost:27017] Opened connection [connectionId{localValue:1, serverValue:4}] to localhost:27017
2020-08-16 13:13:54,970 INFO com.mongodb.diagnostics.logging.SLF4JLogger [cluster-ClusterId{value='5f38c09294ad4f59bd39e6ab', description='null'}-localhost:27017] Monitor thread successfully connected to server with description ServerDescription{address=localhost:27017, type=STANDALONE, state=CONNECTED, ok=true, version=ServerVersion{versionList=[4, 0, 3]}, minWireVersion=0, maxWireVersion=7, maxDocumentSize=16777216, logicalSessionTimeoutMinutes=30, roundTripTimeNanos=4137735}
2020-08-16 13:13:55,465 INFO org.springframework.security.web.DefaultSecurityFilterChain [main] Creating filter chain: any request, [org.springframework.security.web.context.request.async.WebAsyncManagerIntegrationFilter@3c17794e, org.springframework.security.web.context.SecurityContextPersistenceFilter@759f45f1, org.springframework.security.web.header.HeaderWriterFilter@21ce2e4d, org.springframework.security.web.authentication.logout.LogoutFilter@33765d22, org.springframework.security.web.authentication.UsernamePasswordAuthenticationFilter@239d73ff, org.springframework.security.web.savedrequest.RequestCacheAwareFilter@2573b149, org.springframework.security.web.servletapi.SecurityContextHolderAwareRequestFilter@220be130, org.springframework.security.web.authentication.AnonymousAuthenticationFilter@414d2821, org.springframework.security.web.session.SessionManagementFilter@3a239dac, org.springframework.security.web.access.ExceptionTranslationFilter@7bd694a5, org.springframework.security.web.access.intercept.FilterSecurityInterceptor@4e9bd2c8]
2020-08-16 13:13:55,619 INFO org.springframework.scheduling.concurrent.ExecutorConfigurationSupport [main] Initializing ExecutorService 'applicationTaskExecutor'
2020-08-16 13:13:55,712 INFO org.springframework.boot.autoconfigure.web.servlet.WelcomePageHandlerMapping [main] Adding welcome page template: index
2020-08-16 13:13:56,002 INFO org.apache.juli.logging.DirectJDKLog [main] Starting ProtocolHandler ["http-nio-8080"]
2020-08-16 13:13:56,019 INFO org.springframework.boot.web.embedded.tomcat.TomcatWebServer [main] Tomcat started on port(s): 8080 (http) with context path ''
2020-08-16 13:13:56,023 INFO org.springframework.boot.StartupInfoLogger [main] Started Demo0212Application in 22.805 seconds (JVM running for 25.638)
2020-08-16 13:14:06,808 INFO org.apache.juli.logging.DirectJDKLog [http-nio-8080-exec-1] Initializing Spring DispatcherServlet 'dispatcherServlet'
2020-08-16 13:14:06,808 INFO org.springframework.web.servlet.FrameworkServlet [http-nio-8080-exec-1] Initializing Servlet 'dispatcherServlet'
2020-08-16 13:14:06,817 INFO org.springframework.web.servlet.FrameworkServlet [http-nio-8080-exec-1] Completed initialization in 9 ms
2020-08-16 13:14:08,415 DEBUG org.apache.ibatis.logging.jdbc.BaseJdbcLogger [http-nio-8080-exec-1] ==>  Preparing: select id, title, media_url, article_type, note, delete_flag, create_time, update_time , foreword, content from article order by create_time DESC 
2020-08-16 13:14:08,416 DEBUG org.apache.ibatis.logging.jdbc.BaseJdbcLogger [http-nio-8080-exec-1] ==> Parameters: 
2020-08-16 13:14:56,693 DEBUG org.apache.ibatis.logging.jdbc.BaseJdbcLogger [http-nio-8080-exec-10] ==>  Preparing: select id, username, password, create_time, status from blog_user WHERE ( username = ? ) 
2020-08-16 13:14:56,694 DEBUG org.apache.ibatis.logging.jdbc.BaseJdbcLogger [http-nio-8080-exec-10] ==> Parameters: kevin(String)
2020-08-16 13:15:00,844 DEBUG org.apache.ibatis.logging.jdbc.BaseJdbcLogger [http-nio-8080-exec-10] <==      Total: 1
2020-08-16 13:15:00,976 DEBUG org.apache.ibatis.logging.jdbc.BaseJdbcLogger [http-nio-8080-exec-2] ==>  Preparing: select id, type, value, note, delete_flag, create_time from article_type 
2020-08-16 13:15:00,977 DEBUG org.apache.ibatis.logging.jdbc.BaseJdbcLogger [http-nio-8080-exec-2] ==> Parameters: 
2020-08-16 13:15:01,895 DEBUG org.apache.ibatis.logging.jdbc.BaseJdbcLogger [http-nio-8080-exec-2] <==      Total: 4
2020-08-16 13:15:01,896 DEBUG org.apache.ibatis.logging.jdbc.BaseJdbcLogger [http-nio-8080-exec-2] ==>  Preparing: select id, title, media_url, article_type, note, delete_flag, create_time, update_time , foreword, content from article where id = ? 
2020-08-16 13:15:01,897 DEBUG org.apache.ibatis.logging.jdbc.BaseJdbcLogger [http-nio-8080-exec-2] ==> Parameters: f4e250098f5e4b49b8b5bd259e83d45a(String)
2020-08-16 13:15:04,110 DEBUG org.apache.ibatis.logging.jdbc.BaseJdbcLogger [http-nio-8080-exec-2] <==      Total: 1
2020-08-16 13:15:04,111 INFO org.kevin.demo0212.config.aop.AopLogAspect [http-nio-8080-exec-2] this is the @aopLogCut. and the execution time is:3135
2020-08-16 13:15:04,120 INFO org.kevin.demo0212.config.aop.AopLogAspect [http-nio-8080-exec-2] aop value:Test Annotation AOP of Spring
2020-08-16 13:16:55,149 DEBUG org.apache.ibatis.logging.jdbc.BaseJdbcLogger [http-nio-8080-exec-1] ==>  Preparing: select id, title, media_url, article_type, note, delete_flag, create_time, update_time , foreword, content from article order by create_time DESC 
2020-08-16 13:16:55,150 DEBUG org.apache.ibatis.logging.jdbc.BaseJdbcLogger [http-nio-8080-exec-1] ==> Parameters: 
2020-08-16 13:18:33,709 DEBUG org.apache.ibatis.logging.jdbc.BaseJdbcLogger [http-nio-8080-exec-3] ==>  Preparing: select id, create_time , moment from secret_moment order by create_time DESC 
2020-08-16 13:18:33,710 DEBUG org.apache.ibatis.logging.jdbc.BaseJdbcLogger [http-nio-8080-exec-3] ==> Parameters: 
2020-08-16 13:19:33,518 DEBUG org.apache.ibatis.logging.jdbc.BaseJdbcLogger [http-nio-8080-exec-3] ==>  Preparing: select count(*) from secret_moment 
2020-08-16 13:19:33,519 DEBUG org.apache.ibatis.logging.jdbc.BaseJdbcLogger [http-nio-8080-exec-3] ==> Parameters: 
2020-08-16 13:19:34,529 DEBUG org.apache.ibatis.logging.jdbc.BaseJdbcLogger [http-nio-8080-exec-3] <==      Total: 1
2020-08-16 13:24:44,294 INFO org.springframework.scheduling.concurrent.ExecutorConfigurationSupport [SpringContextShutdownHook] Shutting down ExecutorService 'applicationTaskExecutor'
2020-08-16 13:24:44,436 INFO com.zaxxer.hikari.HikariDataSource [SpringContextShutdownHook] HikariPool-1 - Shutdown initiated...
2020-08-16 13:24:44,438 INFO com.zaxxer.hikari.HikariDataSource [SpringContextShutdownHook] HikariPool-1 - Shutdown completed.
