2020-12-25 22:09:47,907 INFO org.springframework.boot.StartupInfoLogger [main] Starting Demo0212Application on kevinzdeMacBook-Pro.local with PID 34264 (/Users/xiaoxiang/IdeaProjects/demo0212/target/classes started by xiaoxiang in /Users/xiaoxiang/IdeaProjects/demo0212)
2020-12-25 22:09:47,941 INFO org.springframework.boot.SpringApplication [main] No active profile set, falling back to default profiles: default
2020-12-25 22:09:48,871 INFO org.springframework.data.repository.config.RepositoryConfigurationDelegate [main] Multiple Spring Data modules found, entering strict repository configuration mode!
2020-12-25 22:09:48,873 INFO org.springframework.data.repository.config.RepositoryConfigurationDelegate [main] Bootstrapping Spring Data JDBC repositories in DEFAULT mode.
2020-12-25 22:09:48,930 INFO org.springframework.data.repository.config.RepositoryConfigurationExtensionSupport [main] Spring Data JDBC - Could not safely identify store assignment for repository candidate interface org.kevin.demo0212.repository.CustomerRepository. If you want this repository to be a JDBC repository, consider annotating your entities with one of these annotations: org.springframework.data.relational.core.mapping.Table.
2020-12-25 22:09:48,931 INFO org.springframework.data.repository.config.RepositoryConfigurationDelegate [main] Finished Spring Data repository scanning in 51ms. Found 0 JDBC repository interfaces.
2020-12-25 22:09:48,959 INFO org.springframework.data.repository.config.RepositoryConfigurationDelegate [main] Multiple Spring Data modules found, entering strict repository configuration mode!
2020-12-25 22:09:48,959 INFO org.springframework.data.repository.config.RepositoryConfigurationDelegate [main] Bootstrapping Spring Data MongoDB repositories in DEFAULT mode.
2020-12-25 22:09:49,193 INFO org.springframework.data.repository.config.RepositoryConfigurationDelegate [main] Finished Spring Data repository scanning in 233ms. Found 1 MongoDB repository interfaces.
2020-12-25 22:09:49,214 INFO org.springframework.data.repository.config.RepositoryConfigurationDelegate [main] Multiple Spring Data modules found, entering strict repository configuration mode!
2020-12-25 22:09:49,216 INFO org.springframework.data.repository.config.RepositoryConfigurationDelegate [main] Bootstrapping Spring Data Redis repositories in DEFAULT mode.
2020-12-25 22:09:49,239 INFO org.springframework.data.repository.config.RepositoryConfigurationExtensionSupport [main] Spring Data Redis - Could not safely identify store assignment for repository candidate interface org.kevin.demo0212.repository.CustomerRepository. If you want this repository to be a Redis repository, consider annotating your entities with one of these annotations: org.springframework.data.redis.core.RedisHash (preferred), or consider extending one of the following types with your repository: org.springframework.data.keyvalue.repository.KeyValueRepository.
2020-12-25 22:09:49,240 INFO org.springframework.data.repository.config.RepositoryConfigurationDelegate [main] Finished Spring Data repository scanning in 10ms. Found 0 Redis repository interfaces.
2020-12-25 22:09:49,878 INFO org.springframework.context.support.PostProcessorRegistrationDelegate$BeanPostProcessorChecker [main] Bean 'org.springframework.transaction.annotation.ProxyTransactionManagementConfiguration' of type [org.springframework.transaction.annotation.ProxyTransactionManagementConfiguration] is not eligible for getting processed by all BeanPostProcessors (for example: not eligible for auto-proxying)
2020-12-25 22:09:50,488 INFO org.springframework.boot.web.embedded.tomcat.TomcatWebServer [main] Tomcat initialized with port(s): 8080 (http)
2020-12-25 22:09:50,501 INFO org.apache.juli.logging.DirectJDKLog [main] Initializing ProtocolHandler ["http-nio-8080"]
2020-12-25 22:09:50,502 INFO org.apache.juli.logging.DirectJDKLog [main] Starting service [Tomcat]
2020-12-25 22:09:50,502 INFO org.apache.juli.logging.DirectJDKLog [main] Starting Servlet engine: [Apache Tomcat/9.0.30]
2020-12-25 22:09:50,599 INFO org.apache.juli.logging.DirectJDKLog [main] Initializing Spring embedded WebApplicationContext
2020-12-25 22:09:50,600 INFO org.springframework.boot.web.servlet.context.ServletWebServerApplicationContext [main] Root WebApplicationContext: initialization completed in 2585 ms
2020-12-25 22:09:51,855 INFO com.zaxxer.hikari.HikariDataSource [main] HikariPool-1 - Starting...
2020-12-25 22:09:52,099 INFO com.zaxxer.hikari.HikariDataSource [main] HikariPool-1 - Start completed.
2020-12-25 22:09:52,109 DEBUG org.apache.ibatis.logging.jdbc.BaseJdbcLogger [main] ==>  Preparing: select id, type, value, note, delete_flag, create_time from article_type 
2020-12-25 22:09:52,137 DEBUG org.apache.ibatis.logging.jdbc.BaseJdbcLogger [main] ==> Parameters: 
2020-12-25 22:09:52,185 DEBUG org.apache.ibatis.logging.jdbc.BaseJdbcLogger [main] <==      Total: 4
2020-12-25 22:09:52,203 DEBUG org.apache.ibatis.logging.jdbc.BaseJdbcLogger [main] ==>  Preparing: select id, type, content, url, create_time, update_time from alert_wall WHERE ( type = ? ) 
2020-12-25 22:09:52,204 DEBUG org.apache.ibatis.logging.jdbc.BaseJdbcLogger [main] ==> Parameters: 1(Integer)
2020-12-25 22:09:52,211 DEBUG org.apache.ibatis.logging.jdbc.BaseJdbcLogger [main] <==      Total: 1
2020-12-25 22:09:52,212 DEBUG org.apache.ibatis.logging.jdbc.BaseJdbcLogger [main] ==>  Preparing: select id, type, content, url, create_time, update_time from alert_wall WHERE ( type = ? ) 
2020-12-25 22:09:52,213 DEBUG org.apache.ibatis.logging.jdbc.BaseJdbcLogger [main] ==> Parameters: 2(Integer)
2020-12-25 22:09:52,214 DEBUG org.apache.ibatis.logging.jdbc.BaseJdbcLogger [main] <==      Total: 1
2020-12-25 22:09:52,216 DEBUG org.apache.ibatis.logging.jdbc.BaseJdbcLogger [main] ==>  Preparing: select id, type, content, url, create_time, update_time from alert_wall WHERE ( type = ? ) 
2020-12-25 22:09:52,216 DEBUG org.apache.ibatis.logging.jdbc.BaseJdbcLogger [main] ==> Parameters: 3(Integer)
2020-12-25 22:09:52,217 DEBUG org.apache.ibatis.logging.jdbc.BaseJdbcLogger [main] <==      Total: 1
2020-12-25 22:09:52,433 INFO io.lettuce.core.EpollProvider [main] Starting without optional epoll library
2020-12-25 22:09:52,435 INFO io.lettuce.core.KqueueProvider [main] Starting without optional kqueue library
2020-12-25 22:09:53,390 INFO com.mongodb.diagnostics.logging.SLF4JLogger [main] Cluster created with settings {hosts=[localhost:27017], mode=SINGLE, requiredClusterType=UNKNOWN, serverSelectionTimeout='30000 ms', maxWaitQueueSize=500}
2020-12-25 22:09:53,947 INFO com.mongodb.diagnostics.logging.SLF4JLogger [cluster-ClusterId{value='5fe5f2b198b1853a0bea7940', description='null'}-localhost:27017] Opened connection [connectionId{localValue:1, serverValue:1}] to localhost:27017
2020-12-25 22:09:53,955 INFO com.mongodb.diagnostics.logging.SLF4JLogger [cluster-ClusterId{value='5fe5f2b198b1853a0bea7940', description='null'}-localhost:27017] Monitor thread successfully connected to server with description ServerDescription{address=localhost:27017, type=STANDALONE, state=CONNECTED, ok=true, version=ServerVersion{versionList=[4, 0, 3]}, minWireVersion=0, maxWireVersion=7, maxDocumentSize=16777216, logicalSessionTimeoutMinutes=30, roundTripTimeNanos=5281107}
2020-12-25 22:09:54,102 INFO org.springframework.security.web.DefaultSecurityFilterChain [main] Creating filter chain: any request, [org.springframework.security.web.context.request.async.WebAsyncManagerIntegrationFilter@3f78a5ed, org.springframework.security.web.context.SecurityContextPersistenceFilter@125a8ab6, org.springframework.security.web.header.HeaderWriterFilter@38c1b1a7, org.springframework.security.web.authentication.logout.LogoutFilter@2202c92f, org.springframework.security.web.authentication.UsernamePasswordAuthenticationFilter@5b5a89d1, org.springframework.security.web.savedrequest.RequestCacheAwareFilter@cbc3bf3, org.springframework.security.web.servletapi.SecurityContextHolderAwareRequestFilter@2bc0603f, org.springframework.security.web.authentication.AnonymousAuthenticationFilter@630e5010, org.springframework.security.web.session.SessionManagementFilter@10bcbbce, org.springframework.security.web.access.ExceptionTranslationFilter@30ca66c5, org.springframework.security.web.access.intercept.FilterSecurityInterceptor@20462820]
2020-12-25 22:09:54,305 INFO org.springframework.scheduling.concurrent.ExecutorConfigurationSupport [main] Initializing ExecutorService 'applicationTaskExecutor'
2020-12-25 22:09:54,462 INFO org.springframework.boot.autoconfigure.web.servlet.WelcomePageHandlerMapping [main] Adding welcome page template: index
2020-12-25 22:09:54,804 INFO org.apache.juli.logging.DirectJDKLog [main] Starting ProtocolHandler ["http-nio-8080"]
2020-12-25 22:09:54,834 INFO org.springframework.boot.web.embedded.tomcat.TomcatWebServer [main] Tomcat started on port(s): 8080 (http) with context path ''
2020-12-25 22:09:54,837 INFO org.springframework.boot.StartupInfoLogger [main] Started Demo0212Application in 7.583 seconds (JVM running for 9.221)
2020-12-25 22:10:01,950 INFO org.apache.juli.logging.DirectJDKLog [http-nio-8080-exec-1] Initializing Spring DispatcherServlet 'dispatcherServlet'
2020-12-25 22:10:01,951 INFO org.springframework.web.servlet.FrameworkServlet [http-nio-8080-exec-1] Initializing Servlet 'dispatcherServlet'
2020-12-25 22:10:01,962 INFO org.springframework.web.servlet.FrameworkServlet [http-nio-8080-exec-1] Completed initialization in 11 ms
2020-12-25 22:10:02,018 DEBUG org.apache.ibatis.logging.jdbc.BaseJdbcLogger [http-nio-8080-exec-1] ==>  Preparing: select id, title, media_url, article_type, note, delete_flag, create_time, update_time , foreword, content from article order by create_time DESC 
2020-12-25 22:10:02,018 DEBUG org.apache.ibatis.logging.jdbc.BaseJdbcLogger [http-nio-8080-exec-1] ==> Parameters: 
2020-12-25 22:10:10,900 DEBUG org.apache.ibatis.logging.jdbc.BaseJdbcLogger [http-nio-8080-exec-10] ==>  Preparing: select id, username, password, create_time, status from blog_user WHERE ( username = ? ) 
2020-12-25 22:10:10,901 DEBUG org.apache.ibatis.logging.jdbc.BaseJdbcLogger [http-nio-8080-exec-10] ==> Parameters: kevin(String)
2020-12-25 22:10:10,903 DEBUG org.apache.ibatis.logging.jdbc.BaseJdbcLogger [http-nio-8080-exec-10] <==      Total: 1
2020-12-25 22:10:10,995 DEBUG org.apache.ibatis.logging.jdbc.BaseJdbcLogger [http-nio-8080-exec-1] ==>  Preparing: select id, create_time , moment from secret_moment order by create_time DESC 
2020-12-25 22:10:10,996 DEBUG org.apache.ibatis.logging.jdbc.BaseJdbcLogger [http-nio-8080-exec-1] ==> Parameters: 
2020-12-25 22:10:11,003 DEBUG org.apache.ibatis.logging.jdbc.BaseJdbcLogger [http-nio-8080-exec-1] ==>  Preparing: select count(*) from secret_moment 
2020-12-25 22:10:11,004 DEBUG org.apache.ibatis.logging.jdbc.BaseJdbcLogger [http-nio-8080-exec-1] ==> Parameters: 
2020-12-25 22:10:11,006 DEBUG org.apache.ibatis.logging.jdbc.BaseJdbcLogger [http-nio-8080-exec-1] <==      Total: 1
2020-12-25 22:10:20,772 DEBUG org.apache.ibatis.logging.jdbc.BaseJdbcLogger [http-nio-8080-exec-6] ==>  Preparing: select id, create_time , moment from secret_moment order by create_time DESC 
2020-12-25 22:10:20,773 DEBUG org.apache.ibatis.logging.jdbc.BaseJdbcLogger [http-nio-8080-exec-6] ==> Parameters: 
2020-12-25 22:10:20,782 DEBUG org.apache.ibatis.logging.jdbc.BaseJdbcLogger [http-nio-8080-exec-6] ==>  Preparing: select count(*) from secret_moment 
2020-12-25 22:10:20,783 DEBUG org.apache.ibatis.logging.jdbc.BaseJdbcLogger [http-nio-8080-exec-6] ==> Parameters: 
2020-12-25 22:10:20,785 DEBUG org.apache.ibatis.logging.jdbc.BaseJdbcLogger [http-nio-8080-exec-6] <==      Total: 1
2020-12-25 22:10:24,238 DEBUG org.apache.ibatis.logging.jdbc.BaseJdbcLogger [http-nio-8080-exec-2] ==>  Preparing: select id, create_time , moment from secret_moment order by create_time DESC 
2020-12-25 22:10:24,239 DEBUG org.apache.ibatis.logging.jdbc.BaseJdbcLogger [http-nio-8080-exec-2] ==> Parameters: 
2020-12-25 22:10:24,246 DEBUG org.apache.ibatis.logging.jdbc.BaseJdbcLogger [http-nio-8080-exec-2] ==>  Preparing: select count(*) from secret_moment 
2020-12-25 22:10:24,247 DEBUG org.apache.ibatis.logging.jdbc.BaseJdbcLogger [http-nio-8080-exec-2] ==> Parameters: 
2020-12-25 22:10:24,249 DEBUG org.apache.ibatis.logging.jdbc.BaseJdbcLogger [http-nio-8080-exec-2] <==      Total: 1
2020-12-25 22:10:28,682 DEBUG org.apache.ibatis.logging.jdbc.BaseJdbcLogger [http-nio-8080-exec-3] ==>  Preparing: select id, title, media_url, article_type, note, delete_flag, create_time, update_time , foreword, content from article order by create_time DESC 
2020-12-25 22:10:28,684 DEBUG org.apache.ibatis.logging.jdbc.BaseJdbcLogger [http-nio-8080-exec-3] ==> Parameters: 
2020-12-25 22:10:48,769 INFO org.springframework.scheduling.concurrent.ExecutorConfigurationSupport [SpringContextShutdownHook] Shutting down ExecutorService 'applicationTaskExecutor'
2020-12-25 22:10:48,910 INFO com.zaxxer.hikari.HikariDataSource [SpringContextShutdownHook] HikariPool-1 - Shutdown initiated...
2020-12-25 22:10:48,915 INFO com.zaxxer.hikari.HikariDataSource [SpringContextShutdownHook] HikariPool-1 - Shutdown completed.
